TN:
SF:src/database.js
FN:18,(anonymous_0)
FN:26,query
FN:59,transaction
FNF:3
FNH:0
FNDA:0,(anonymous_0)
FNDA:0,query
FNDA:0,transaction
DA:6,0
DA:9,0
DA:18,0
DA:19,0
DA:23,0
DA:27,0
DA:28,0
DA:29,0
DA:30,0
DA:33,0
DA:34,0
DA:43,0
DA:44,0
DA:46,0
DA:48,0
DA:49,0
DA:54,0
DA:60,0
DA:61,0
DA:62,0
DA:63,0
DA:64,0
DA:65,0
DA:67,0
DA:68,0
DA:70,0
LF:26
LH:0
BRDA:23,0,0,0
BRDA:23,0,1,0
BRDA:33,1,0,0
BRDA:33,1,1,0
BRDA:37,2,0,0
BRDA:37,2,1,0
BRDA:43,3,0,0
BRDA:43,3,1,0
BRF:8
BRH:0
end_of_record
TN:
SF:src/env-loader.js
FNF:0
FNH:0
DA:11,0
DA:12,0
DA:15,0
DA:16,0
DA:17,0
DA:18,0
DA:20,0
DA:21,0
DA:25,0
DA:26,0
DA:28,0
LF:11
LH:0
BRDA:20,0,0,0
BRDA:20,0,1,0
BRDA:20,1,0,0
BRDA:20,1,1,0
BRF:4
BRH:0
end_of_record
TN:
SF:src/supabase.js
FN:17,getSupabaseClient
FN:47,(anonymous_1)
FN:65,query
FN:82,(anonymous_3)
FN:123,(anonymous_4)
FN:127,(anonymous_5)
FN:154,(anonymous_6)
FN:206,transaction
FN:218,(anonymous_8)
FN:228,(anonymous_9)
FN:232,(anonymous_10)
FN:236,(anonymous_11)
FN:240,(anonymous_12)
FN:247,(anonymous_13)
FN:258,(anonymous_14)
FN:262,(anonymous_15)
FN:266,(anonymous_16)
FN:270,(anonymous_17)
FN:274,(anonymous_18)
FN:278,(anonymous_19)
FN:285,(anonymous_20)
FN:295,(anonymous_21)
FN:299,(anonymous_22)
FN:303,(anonymous_23)
FN:307,(anonymous_24)
FN:311,(anonymous_25)
FN:315,(anonymous_26)
FN:326,(anonymous_27)
FN:338,(anonymous_28)
FN:342,(anonymous_29)
FN:346,(anonymous_30)
FN:350,(anonymous_31)
FN:354,(anonymous_32)
FN:361,(anonymous_33)
FN:370,(anonymous_34)
FN:374,(anonymous_35)
FN:378,(anonymous_36)
FN:382,(anonymous_37)
FN:386,(anonymous_38)
FN:390,(anonymous_39)
FN:402,(anonymous_40)
FN:412,(anonymous_41)
FN:423,(anonymous_42)
FN:427,(anonymous_43)
FN:431,(anonymous_44)
FN:435,(anonymous_45)
FN:442,(anonymous_46)
FN:446,(anonymous_47)
FN:450,(anonymous_48)
FN:454,(anonymous_49)
FN:463,(anonymous_50)
FN:465,(anonymous_51)
FNF:52
FNH:0
FNDA:0,getSupabaseClient
FNDA:0,(anonymous_1)
FNDA:0,query
FNDA:0,(anonymous_3)
FNDA:0,(anonymous_4)
FNDA:0,(anonymous_5)
FNDA:0,(anonymous_6)
FNDA:0,transaction
FNDA:0,(anonymous_8)
FNDA:0,(anonymous_9)
FNDA:0,(anonymous_10)
FNDA:0,(anonymous_11)
FNDA:0,(anonymous_12)
FNDA:0,(anonymous_13)
FNDA:0,(anonymous_14)
FNDA:0,(anonymous_15)
FNDA:0,(anonymous_16)
FNDA:0,(anonymous_17)
FNDA:0,(anonymous_18)
FNDA:0,(anonymous_19)
FNDA:0,(anonymous_20)
FNDA:0,(anonymous_21)
FNDA:0,(anonymous_22)
FNDA:0,(anonymous_23)
FNDA:0,(anonymous_24)
FNDA:0,(anonymous_25)
FNDA:0,(anonymous_26)
FNDA:0,(anonymous_27)
FNDA:0,(anonymous_28)
FNDA:0,(anonymous_29)
FNDA:0,(anonymous_30)
FNDA:0,(anonymous_31)
FNDA:0,(anonymous_32)
FNDA:0,(anonymous_33)
FNDA:0,(anonymous_34)
FNDA:0,(anonymous_35)
FNDA:0,(anonymous_36)
FNDA:0,(anonymous_37)
FNDA:0,(anonymous_38)
FNDA:0,(anonymous_39)
FNDA:0,(anonymous_40)
FNDA:0,(anonymous_41)
FNDA:0,(anonymous_42)
FNDA:0,(anonymous_43)
FNDA:0,(anonymous_44)
FNDA:0,(anonymous_45)
FNDA:0,(anonymous_46)
FNDA:0,(anonymous_47)
FNDA:0,(anonymous_48)
FNDA:0,(anonymous_49)
FNDA:0,(anonymous_50)
FNDA:0,(anonymous_51)
DA:10,0
DA:11,0
DA:18,0
DA:19,0
DA:22,0
DA:24,0
DA:25,0
DA:26,0
DA:28,0
DA:30,0
DA:31,0
DA:34,0
DA:40,0
DA:44,0
DA:48,0
DA:49,0
DA:50,0
DA:54,0
DA:67,0
DA:69,0
DA:70,0
DA:71,0
DA:74,0
DA:75,0
DA:77,0
DA:78,0
DA:80,0
DA:81,0
DA:82,0
DA:83,0
DA:84,0
DA:85,0
DA:92,0
DA:93,0
DA:94,0
DA:100,0
DA:101,0
DA:102,0
DA:105,0
DA:107,0
DA:109,0
DA:117,0
DA:118,0
DA:119,0
DA:121,0
DA:122,0
DA:123,0
DA:126,0
DA:127,0
DA:128,0
DA:131,0
DA:133,0
DA:135,0
DA:143,0
DA:144,0
DA:145,0
DA:146,0
DA:148,0
DA:149,0
DA:152,0
DA:153,0
DA:154,0
DA:155,0
DA:156,0
DA:160,0
DA:162,0
DA:163,0
DA:164,0
DA:167,0
DA:169,0
DA:171,0
DA:179,0
DA:180,0
DA:181,0
DA:183,0
DA:184,0
DA:185,0
DA:187,0
DA:189,0
DA:191,0
DA:199,0
DA:208,0
DA:211,0
DA:215,0
DA:219,0
DA:221,0
DA:222,0
DA:223,0
DA:225,0
DA:229,0
DA:233,0
DA:237,0
DA:241,0
DA:248,0
DA:250,0
DA:251,0
DA:252,0
DA:253,0
DA:255,0
DA:259,0
DA:263,0
DA:267,0
DA:271,0
DA:275,0
DA:279,0
DA:286,0
DA:288,0
DA:289,0
DA:290,0
DA:292,0
DA:296,0
DA:300,0
DA:304,0
DA:308,0
DA:312,0
DA:316,0
DA:327,0
DA:329,0
DA:330,0
DA:331,0
DA:332,0
DA:333,0
DA:335,0
DA:339,0
DA:343,0
DA:347,0
DA:351,0
DA:355,0
DA:362,0
DA:364,0
DA:365,0
DA:367,0
DA:371,0
DA:375,0
DA:379,0
DA:383,0
DA:387,0
DA:391,0
DA:403,0
DA:405,0
DA:406,0
DA:407,0
DA:409,0
DA:413,0
DA:424,0
DA:428,0
DA:432,0
DA:436,0
DA:443,0
DA:447,0
DA:451,0
DA:455,0
DA:461,0
DA:463,0
LF:154
LH:0
BRDA:18,0,0,0
BRDA:18,0,1,0
BRDA:28,1,0,0
BRDA:28,1,1,0
BRDA:30,2,0,0
BRDA:30,2,1,0
BRDA:30,3,0,0
BRDA:30,3,1,0
BRDA:49,4,0,0
BRDA:49,4,1,0
BRDA:65,5,0,0
BRDA:67,6,0,0
BRDA:67,6,1,0
BRDA:70,7,0,0
BRDA:70,7,1,0
BRDA:77,8,0,0
BRDA:77,8,1,0
BRDA:81,9,0,0
BRDA:81,9,1,0
BRDA:84,10,0,0
BRDA:84,10,1,0
BRDA:93,11,0,0
BRDA:93,11,1,0
BRDA:101,12,0,0
BRDA:101,12,1,0
BRDA:107,13,0,0
BRDA:107,13,1,0
BRDA:110,14,0,0
BRDA:110,14,1,0
BRDA:111,15,0,0
BRDA:111,15,1,0
BRDA:117,16,0,0
BRDA:117,16,1,0
BRDA:121,17,0,0
BRDA:121,17,1,0
BRDA:121,18,0,0
BRDA:121,18,1,0
BRDA:133,19,0,0
BRDA:133,19,1,0
BRDA:136,20,0,0
BRDA:136,20,1,0
BRDA:137,21,0,0
BRDA:137,21,1,0
BRDA:143,22,0,0
BRDA:143,22,1,0
BRDA:148,23,0,0
BRDA:148,23,1,0
BRDA:148,24,0,0
BRDA:148,24,1,0
BRDA:162,25,0,0
BRDA:162,25,1,0
BRDA:169,26,0,0
BRDA:169,26,1,0
BRDA:172,27,0,0
BRDA:172,27,1,0
BRDA:173,28,0,0
BRDA:173,28,1,0
BRDA:179,29,0,0
BRDA:179,29,1,0
BRDA:183,30,0,0
BRDA:183,30,1,0
BRDA:183,31,0,0
BRDA:183,31,1,0
BRDA:189,32,0,0
BRDA:189,32,1,0
BRDA:218,33,0,0
BRDA:221,34,0,0
BRDA:221,34,1,0
BRDA:222,35,0,0
BRDA:222,35,1,0
BRDA:223,36,0,0
BRDA:223,36,1,0
BRDA:247,37,0,0
BRDA:250,38,0,0
BRDA:250,38,1,0
BRDA:251,39,0,0
BRDA:251,39,1,0
BRDA:252,40,0,0
BRDA:252,40,1,0
BRDA:253,41,0,0
BRDA:253,41,1,0
BRDA:285,42,0,0
BRDA:288,43,0,0
BRDA:288,43,1,0
BRDA:289,44,0,0
BRDA:289,44,1,0
BRDA:290,45,0,0
BRDA:290,45,1,0
BRDA:326,46,0,0
BRDA:329,47,0,0
BRDA:329,47,1,0
BRDA:330,48,0,0
BRDA:330,48,1,0
BRDA:331,49,0,0
BRDA:331,49,1,0
BRDA:332,50,0,0
BRDA:332,50,1,0
BRDA:333,51,0,0
BRDA:333,51,1,0
BRDA:354,52,0,0
BRDA:361,53,0,0
BRDA:364,54,0,0
BRDA:364,54,1,0
BRDA:365,55,0,0
BRDA:365,55,1,0
BRDA:402,56,0,0
BRDA:405,57,0,0
BRDA:405,57,1,0
BRDA:406,58,0,0
BRDA:406,58,1,0
BRDA:407,59,0,0
BRDA:407,59,1,0
BRF:112
BRH:0
end_of_record
TN:
SF:src/swagger.js
FNF:0
FNH:0
DA:8,0
DA:175,0
LF:2
LH:0
BRF:0
BRH:0
end_of_record
TN:
SF:src/config/ai.config.js
FN:86,(anonymous_0)
FN:126,validateConfig
FN:149,(anonymous_2)
FN:157,(anonymous_3)
FN:165,isAzureConfigured
FN:173,isCustomModelEnabled
FN:181,getCustomModelId
FN:190,getEffectiveProvider
FNF:8
FNH:0
FNDA:0,(anonymous_0)
FNDA:0,validateConfig
FNDA:0,(anonymous_2)
FNDA:0,(anonymous_3)
FNDA:0,isAzureConfigured
FNDA:0,isCustomModelEnabled
FNDA:0,getCustomModelId
FNDA:0,getEffectiveProvider
DA:23,0
DA:31,0
DA:87,0
DA:127,0
DA:128,0
DA:130,0
DA:131,0
DA:132,0
DA:133,0
DA:136,0
DA:137,0
DA:138,0
DA:139,0
DA:148,0
DA:149,0
DA:151,0
DA:152,0
DA:157,0
DA:166,0
DA:174,0
DA:182,0
DA:191,0
DA:193,0
DA:194,0
DA:197,0
DA:201,0
LF:26
LH:0
BRDA:35,0,0,0
BRDA:35,0,1,0
BRDA:36,1,0,0
BRDA:36,1,1,0
BRDA:37,2,0,0
BRDA:37,2,1,0
BRDA:38,3,0,0
BRDA:38,3,1,0
BRDA:39,4,0,0
BRDA:39,4,1,0
BRDA:40,5,0,0
BRDA:40,5,1,0
BRDA:45,6,0,0
BRDA:45,6,1,0
BRDA:46,7,0,0
BRDA:46,7,1,0
BRDA:47,8,0,0
BRDA:47,8,1,0
BRDA:48,9,0,0
BRDA:48,9,1,0
BRDA:49,10,0,0
BRDA:49,10,1,0
BRDA:50,11,0,0
BRDA:50,11,1,0
BRDA:55,12,0,0
BRDA:55,12,1,0
BRDA:56,13,0,0
BRDA:56,13,1,0
BRDA:57,14,0,0
BRDA:57,14,1,0
BRDA:63,15,0,0
BRDA:63,15,1,0
BRDA:64,16,0,0
BRDA:64,16,1,0
BRDA:65,17,0,0
BRDA:65,17,1,0
BRDA:66,18,0,0
BRDA:66,18,1,0
BRDA:89,19,0,0
BRDA:89,19,1,0
BRDA:90,20,0,0
BRDA:90,20,1,0
BRDA:93,21,0,0
BRDA:93,21,1,0
BRDA:101,22,0,0
BRDA:101,22,1,0
BRDA:102,23,0,0
BRDA:102,23,1,0
BRDA:103,24,0,0
BRDA:103,24,1,0
BRDA:112,25,0,0
BRDA:112,25,1,0
BRDA:131,26,0,0
BRDA:131,26,1,0
BRDA:138,27,0,0
BRDA:138,27,1,0
BRDA:138,28,0,0
BRDA:138,28,1,0
BRDA:138,28,2,0
BRDA:148,29,0,0
BRDA:148,29,1,0
BRDA:151,30,0,0
BRDA:151,30,1,0
BRDA:166,31,0,0
BRDA:166,31,1,0
BRDA:166,31,2,0
BRDA:174,32,0,0
BRDA:174,32,1,0
BRDA:174,32,2,0
BRDA:182,33,0,0
BRDA:182,33,1,0
BRDA:193,34,0,0
BRDA:193,34,1,0
BRDA:193,35,0,0
BRDA:193,35,1,0
BRDA:193,35,2,0
BRF:76
BRH:0
end_of_record
TN:
SF:src/config/index.js
FN:12,(anonymous_0)
FN:15,(anonymous_1)
FN:18,(anonymous_2)
FNF:3
FNH:0
FNDA:0,(anonymous_0)
FNDA:0,(anonymous_1)
FNDA:0,(anonymous_2)
DA:11,0
DA:13,0
DA:16,0
DA:19,0
LF:4
LH:0
BRF:0
BRH:0
end_of_record
TN:
SF:src/config/scraper.config.js
FNF:0
FNH:0
DA:6,0
LF:1
LH:0
BRDA:9,0,0,0
BRDA:9,0,1,0
BRDA:10,1,0,0
BRDA:10,1,1,0
BRDA:18,2,0,0
BRDA:18,2,1,0
BRDA:19,3,0,0
BRDA:19,3,1,0
BRDA:20,4,0,0
BRDA:20,4,1,0
BRDA:21,5,0,0
BRDA:21,5,1,0
BRDA:22,6,0,0
BRDA:22,6,1,0
BRDA:27,7,0,0
BRDA:27,7,1,0
BRDA:28,8,0,0
BRDA:28,8,1,0
BRDA:33,9,0,0
BRDA:33,9,1,0
BRDA:34,10,0,0
BRDA:34,10,1,0
BRDA:41,11,0,0
BRDA:41,11,1,0
BRDA:43,12,0,0
BRDA:43,12,1,0
BRDA:44,13,0,0
BRDA:44,13,1,0
BRDA:47,14,0,0
BRDA:47,14,1,0
BRDA:54,15,0,0
BRDA:54,15,1,0
BRDA:55,16,0,0
BRDA:55,16,1,0
BRF:34
BRH:0
end_of_record
TN:
SF:src/config/storage.config.js
FNF:0
FNH:0
DA:6,0
LF:1
LH:0
BRDA:9,0,0,0
BRDA:9,0,1,0
BRDA:11,1,0,0
BRDA:11,1,1,0
BRDA:12,2,0,0
BRDA:12,2,1,0
BRDA:60,3,0,0
BRDA:60,3,1,0
BRDA:61,4,0,0
BRDA:61,4,1,0
BRF:10
BRH:0
end_of_record
TN:
SF:src/lib/constants.js
FN:212,getDocTypeLabel
FN:221,getDocTypeFromUrlCode
FN:230,isSupportedExtension
FNF:3
FNH:0
FNDA:0,getDocTypeLabel
FNDA:0,getDocTypeFromUrlCode
FNDA:0,isSupportedExtension
DA:10,0
DA:98,0
DA:117,0
DA:139,0
DA:149,0
DA:161,0
DA:171,0
DA:183,0
DA:196,0
DA:213,0
DA:222,0
DA:231,0
DA:232,0
LF:13
LH:0
BRDA:213,0,0,0
BRDA:213,0,1,0
BRDA:222,1,0,0
BRDA:222,1,1,0
BRDA:233,2,0,0
BRDA:233,2,1,0
BRDA:233,2,2,0
BRDA:233,2,3,0
BRF:8
BRH:0
end_of_record
TN:
SF:src/lib/errors.js
FN:11,(anonymous_0)
FN:23,(anonymous_1)
FN:44,(anonymous_2)
FN:55,(anonymous_3)
FN:66,(anonymous_4)
FN:77,(anonymous_5)
FN:88,(anonymous_6)
FN:99,(anonymous_7)
FN:117,(anonymous_8)
FN:128,(anonymous_9)
FN:139,(anonymous_10)
FN:150,(anonymous_11)
FN:164,(anonymous_12)
FN:175,(anonymous_13)
FN:194,(anonymous_14)
FN:205,(anonymous_15)
FN:216,(anonymous_16)
FN:227,(anonymous_17)
FN:245,(anonymous_18)
FN:256,(anonymous_19)
FN:267,(anonymous_20)
FN:282,(anonymous_21)
FN:297,isOperationalError
FN:309,formatErrorForLog
FN:326,getHttpStatusCode
FNF:25
FNH:0
FNDA:0,(anonymous_0)
FNDA:0,(anonymous_1)
FNDA:0,(anonymous_2)
FNDA:0,(anonymous_3)
FNDA:0,(anonymous_4)
FNDA:0,(anonymous_5)
FNDA:0,(anonymous_6)
FNDA:0,(anonymous_7)
FNDA:0,(anonymous_8)
FNDA:0,(anonymous_9)
FNDA:0,(anonymous_10)
FNDA:0,(anonymous_11)
FNDA:0,(anonymous_12)
FNDA:0,(anonymous_13)
FNDA:0,(anonymous_14)
FNDA:0,(anonymous_15)
FNDA:0,(anonymous_16)
FNDA:0,(anonymous_17)
FNDA:0,(anonymous_18)
FNDA:0,(anonymous_19)
FNDA:0,(anonymous_20)
FNDA:0,(anonymous_21)
FNDA:0,isOperationalError
FNDA:0,formatErrorForLog
FNDA:0,getHttpStatusCode
DA:12,0
DA:13,0
DA:14,0
DA:15,0
DA:16,0
DA:17,0
DA:20,0
DA:24,0
DA:45,0
DA:46,0
DA:56,0
DA:57,0
DA:67,0
DA:68,0
DA:78,0
DA:79,0
DA:89,0
DA:90,0
DA:100,0
DA:104,0
DA:118,0
DA:119,0
DA:129,0
DA:130,0
DA:140,0
DA:141,0
DA:151,0
DA:155,0
DA:165,0
DA:166,0
DA:176,0
DA:181,0
DA:195,0
DA:196,0
DA:206,0
DA:207,0
DA:217,0
DA:218,0
DA:228,0
DA:232,0
DA:246,0
DA:247,0
DA:257,0
DA:258,0
DA:268,0
DA:269,0
DA:283,0
DA:284,0
DA:298,0
DA:299,0
DA:301,0
DA:310,0
DA:311,0
DA:313,0
DA:327,0
DA:337,0
DA:338,0
DA:341,0
LF:58
LH:0
BRDA:11,0,0,0
BRDA:44,1,0,0
BRDA:44,2,0,0
BRDA:55,3,0,0
BRDA:66,4,0,0
BRDA:77,5,0,0
BRDA:88,6,0,0
BRDA:99,7,0,0
BRDA:117,8,0,0
BRDA:117,9,0,0
BRDA:128,10,0,0
BRDA:139,11,0,0
BRDA:150,12,0,0
BRDA:164,13,0,0
BRDA:175,14,0,0
BRDA:194,15,0,0
BRDA:194,16,0,0
BRDA:205,17,0,0
BRDA:216,18,0,0
BRDA:227,19,0,0
BRDA:245,20,0,0
BRDA:256,21,0,0
BRDA:267,22,0,0
BRDA:282,23,0,0
BRDA:298,24,0,0
BRDA:298,24,1,0
BRDA:310,25,0,0
BRDA:310,25,1,0
BRDA:337,26,0,0
BRDA:337,26,1,0
BRDA:337,27,0,0
BRDA:337,27,1,0
BRF:32
BRH:0
end_of_record
TN:
SF:src/lib/index.js
FNF:0
FNH:0
LF:0
LH:0
BRF:0
BRH:0
end_of_record
TN:
SF:src/lib/utils.js
FN:17,(anonymous_0)
FN:17,(anonymous_1)
FN:25,retryWithBackoff
FN:59,normalizeCity
FN:62,(anonymous_4)
FN:70,sanitizeFileName
FN:89,makeUrlSafe
FN:121,turkishToAscii
FN:140,(anonymous_8)
FN:149,parseAmount
FN:168,parseDate
FN:199,parseJsonSafe
FN:221,extractJsonFromResponse
FN:243,getExtension
FN:254,getExtensionFromMime
FN:278,detectFileType
FN:319,detectOfficeFormat
FN:320,(anonymous_17)
FN:321,(anonymous_18)
FN:327,(anonymous_19)
FN:328,(anonymous_20)
FN:343,flattenObject
FN:365,deepMerge
FN:392,isValidEmail
FN:402,isValidUrl
FN:416,isMaskedData
FN:429,createTimer
FN:432,(anonymous_27)
FN:433,(anonymous_28)
FN:442,formatDuration
FNF:30
FNH:0
FNDA:0,(anonymous_0)
FNDA:0,(anonymous_1)
FNDA:0,retryWithBackoff
FNDA:0,normalizeCity
FNDA:0,(anonymous_4)
FNDA:0,sanitizeFileName
FNDA:0,makeUrlSafe
FNDA:0,turkishToAscii
FNDA:0,(anonymous_8)
FNDA:0,parseAmount
FNDA:0,parseDate
FNDA:0,parseJsonSafe
FNDA:0,extractJsonFromResponse
FNDA:0,getExtension
FNDA:0,getExtensionFromMime
FNDA:0,detectFileType
FNDA:0,detectOfficeFormat
FNDA:0,(anonymous_17)
FNDA:0,(anonymous_18)
FNDA:0,(anonymous_19)
FNDA:0,(anonymous_20)
FNDA:0,flattenObject
FNDA:0,deepMerge
FNDA:0,isValidEmail
FNDA:0,isValidUrl
FNDA:0,isMaskedData
FNDA:0,createTimer
FNDA:0,(anonymous_27)
FNDA:0,(anonymous_28)
FNDA:0,formatDuration
DA:17,0
DA:26,0
DA:29,0
DA:31,0
DA:32,0
DA:33,0
DA:35,0
DA:37,0
DA:38,0
DA:39,0
DA:41,0
DA:42,0
DA:47,0
DA:60,0
DA:61,0
DA:62,0
DA:71,0
DA:73,0
DA:90,0
DA:106,0
DA:109,0
DA:110,0
DA:113,0
DA:122,0
DA:138,0
DA:140,0
DA:150,0
DA:153,0
DA:154,0
DA:157,0
DA:159,0
DA:160,0
DA:169,0
DA:172,0
DA:173,0
DA:174,0
DA:175,0
DA:179,0
DA:180,0
DA:181,0
DA:185,0
DA:186,0
DA:200,0
DA:202,0
DA:204,0
DA:207,0
DA:208,0
DA:209,0
DA:211,0
DA:222,0
DA:225,0
DA:226,0
DA:227,0
DA:231,0
DA:244,0
DA:245,0
DA:246,0
DA:255,0
DA:270,0
DA:279,0
DA:282,0
DA:283,0
DA:287,0
DA:288,0
DA:292,0
DA:293,0
DA:297,0
DA:298,0
DA:302,0
DA:303,0
DA:307,0
DA:308,0
DA:311,0
DA:320,0
DA:321,0
DA:323,0
DA:324,0
DA:327,0
DA:328,0
DA:330,0
DA:344,0
DA:346,0
DA:347,0
DA:349,0
DA:350,0
DA:352,0
DA:356,0
DA:366,0
DA:368,0
DA:369,0
DA:370,0
DA:371,0
DA:373,0
DA:376,0
DA:380,0
DA:393,0
DA:394,0
DA:403,0
DA:404,0
DA:405,0
DA:407,0
DA:417,0
DA:418,0
DA:430,0
DA:431,0
DA:432,0
DA:433,0
DA:443,0
DA:444,0
DA:445,0
LF:110
LH:0
BRDA:25,0,0,0
BRDA:26,1,0,0
BRDA:26,2,0,0
BRDA:26,3,0,0
BRDA:26,4,0,0
BRDA:37,5,0,0
BRDA:37,5,1,0
BRDA:38,6,0,0
BRDA:38,6,1,0
BRDA:60,7,0,0
BRDA:60,7,1,0
BRDA:62,8,0,0
BRDA:62,8,1,0
BRDA:71,9,0,0
BRDA:71,9,1,0
BRDA:140,10,0,0
BRDA:140,10,1,0
BRDA:150,11,0,0
BRDA:150,11,1,0
BRDA:154,12,0,0
BRDA:154,12,1,0
BRDA:160,13,0,0
BRDA:160,13,1,0
BRDA:169,14,0,0
BRDA:169,14,1,0
BRDA:173,15,0,0
BRDA:173,15,1,0
BRDA:180,16,0,0
BRDA:180,16,1,0
BRDA:186,17,0,0
BRDA:186,17,1,0
BRDA:199,18,0,0
BRDA:200,19,0,0
BRDA:200,19,1,0
BRDA:209,20,0,0
BRDA:209,20,1,0
BRDA:222,21,0,0
BRDA:222,21,1,0
BRDA:226,22,0,0
BRDA:226,22,1,0
BRDA:244,23,0,0
BRDA:244,23,1,0
BRDA:246,24,0,0
BRDA:246,24,1,0
BRDA:270,25,0,0
BRDA:270,25,1,0
BRDA:279,26,0,0
BRDA:279,26,1,0
BRDA:279,27,0,0
BRDA:279,27,1,0
BRDA:282,28,0,0
BRDA:282,28,1,0
BRDA:282,29,0,0
BRDA:282,29,1,0
BRDA:282,29,2,0
BRDA:282,29,3,0
BRDA:287,30,0,0
BRDA:287,30,1,0
BRDA:287,31,0,0
BRDA:287,31,1,0
BRDA:287,31,2,0
BRDA:287,31,3,0
BRDA:292,32,0,0
BRDA:292,32,1,0
BRDA:292,33,0,0
BRDA:292,33,1,0
BRDA:292,33,2,0
BRDA:292,33,3,0
BRDA:297,34,0,0
BRDA:297,34,1,0
BRDA:297,35,0,0
BRDA:297,35,1,0
BRDA:297,35,2,0
BRDA:297,35,3,0
BRDA:302,36,0,0
BRDA:302,36,1,0
BRDA:302,37,0,0
BRDA:302,37,1,0
BRDA:302,37,2,0
BRDA:307,38,0,0
BRDA:307,38,1,0
BRDA:307,39,0,0
BRDA:307,39,1,0
BRDA:307,39,2,0
BRDA:307,39,3,0
BRDA:323,40,0,0
BRDA:323,40,1,0
BRDA:330,41,0,0
BRDA:330,41,1,0
BRDA:343,42,0,0
BRDA:347,43,0,0
BRDA:347,43,1,0
BRDA:349,44,0,0
BRDA:349,44,1,0
BRDA:349,45,0,0
BRDA:349,45,1,0
BRDA:349,45,2,0
BRDA:369,46,0,0
BRDA:369,46,1,0
BRDA:369,47,0,0
BRDA:369,47,1,0
BRDA:369,47,2,0
BRDA:370,48,0,0
BRDA:370,48,1,0
BRDA:370,49,0,0
BRDA:370,49,1,0
BRDA:417,50,0,0
BRDA:417,50,1,0
BRDA:418,51,0,0
BRDA:418,51,1,0
BRDA:443,52,0,0
BRDA:443,52,1,0
BRDA:444,53,0,0
BRDA:444,53,1,0
BRF:114
BRH:0
end_of_record
TN:
SF:src/middleware/auth.js
FN:28,(anonymous_0)
FN:107,(anonymous_1)
FN:158,(anonymous_2)
FN:174,(anonymous_3)
FN:190,(anonymous_4)
FN:191,(anonymous_5)
FN:234,(anonymous_6)
FN:235,(anonymous_7)
FN:237,(anonymous_8)
FN:266,(anonymous_9)
FN:276,(anonymous_10)
FN:324,(anonymous_11)
FNF:12
FNH:0
FNDA:0,(anonymous_0)
FNDA:0,(anonymous_1)
FNDA:0,(anonymous_2)
FNDA:0,(anonymous_3)
FNDA:0,(anonymous_4)
FNDA:0,(anonymous_5)
FNDA:0,(anonymous_6)
FNDA:0,(anonymous_7)
FNDA:0,(anonymous_8)
FNDA:0,(anonymous_9)
FNDA:0,(anonymous_10)
FNDA:0,(anonymous_11)
DA:18,0
DA:19,0
DA:20,0
DA:21,0
DA:28,0
DA:29,0
DA:31,0
DA:32,0
DA:33,0
DA:34,0
DA:35,0
DA:39,0
DA:40,0
DA:49,0
DA:50,0
DA:52,0
DA:53,0
DA:59,0
DA:67,0
DA:72,0
DA:73,0
DA:80,0
DA:81,0
DA:83,0
DA:93,0
DA:95,0
DA:96,0
DA:107,0
DA:108,0
DA:109,0
DA:110,0
DA:111,0
DA:112,0
DA:113,0
DA:117,0
DA:118,0
DA:119,0
DA:122,0
DA:123,0
DA:125,0
DA:130,0
DA:131,0
DA:132,0
DA:134,0
DA:144,0
DA:147,0
DA:150,0
DA:152,0
DA:158,0
DA:159,0
DA:160,0
DA:162,0
DA:163,0
DA:168,0
DA:174,0
DA:175,0
DA:176,0
DA:178,0
DA:179,0
DA:184,0
DA:190,0
DA:191,0
DA:192,0
DA:193,0
DA:194,0
DA:199,0
DA:201,0
DA:203,0
DA:204,0
DA:213,0
DA:220,0
DA:222,0
DA:223,0
DA:234,0
DA:235,0
DA:236,0
DA:237,0
DA:238,0
DA:239,0
DA:240,0
DA:241,0
DA:242,0
DA:243,0
DA:244,0
DA:245,0
DA:257,0
DA:260,0
DA:262,0
DA:266,0
DA:267,0
DA:268,0
DA:269,0
DA:276,0
DA:277,0
DA:278,0
DA:279,0
DA:280,0
DA:281,0
DA:282,0
DA:286,0
DA:287,0
DA:288,0
DA:290,0
DA:295,0
DA:296,0
DA:297,0
DA:307,0
DA:310,0
DA:313,0
DA:316,0
DA:318,0
DA:324,0
DA:325,0
DA:326,0
LF:114
LH:0
BRDA:19,0,0,0
BRDA:19,0,1,0
BRDA:32,1,0,0
BRDA:32,1,1,0
BRDA:34,2,0,0
BRDA:34,2,1,0
BRDA:39,3,0,0
BRDA:39,3,1,0
BRDA:52,4,0,0
BRDA:52,4,1,0
BRDA:72,5,0,0
BRDA:72,5,1,0
BRDA:81,6,0,0
BRDA:81,6,1,0
BRDA:110,7,0,0
BRDA:110,7,1,0
BRDA:112,8,0,0
BRDA:112,8,1,0
BRDA:117,9,0,0
BRDA:117,9,1,0
BRDA:130,10,0,0
BRDA:130,10,1,0
BRDA:132,11,0,0
BRDA:132,11,1,0
BRDA:159,12,0,0
BRDA:159,12,1,0
BRDA:162,13,0,0
BRDA:162,13,1,0
BRDA:162,14,0,0
BRDA:162,14,1,0
BRDA:175,15,0,0
BRDA:175,15,1,0
BRDA:178,16,0,0
BRDA:178,16,1,0
BRDA:193,17,0,0
BRDA:193,17,1,0
BRDA:199,18,0,0
BRDA:199,18,1,0
BRDA:203,19,0,0
BRDA:203,19,1,0
BRDA:238,20,0,0
BRDA:238,20,1,0
BRDA:238,21,0,0
BRDA:238,21,1,0
BRDA:241,22,0,0
BRDA:241,22,1,0
BRDA:242,23,0,0
BRDA:242,23,1,0
BRDA:242,24,0,0
BRDA:242,24,1,0
BRDA:243,25,0,0
BRDA:243,25,1,0
BRDA:244,26,0,0
BRDA:244,26,1,0
BRDA:250,27,0,0
BRDA:250,27,1,0
BRDA:267,28,0,0
BRDA:267,28,1,0
BRDA:267,28,2,0
BRDA:279,29,0,0
BRDA:279,29,1,0
BRDA:281,30,0,0
BRDA:281,30,1,0
BRDA:286,31,0,0
BRDA:286,31,1,0
BRDA:295,32,0,0
BRDA:295,32,1,0
BRDA:301,33,0,0
BRDA:301,33,1,0
BRDA:302,34,0,0
BRDA:302,34,1,0
BRF:71
BRH:0
end_of_record
TN:
SF:src/middleware/csrf.js
FN:20,(anonymous_0)
FN:29,generateCsrfToken
FN:36,setCsrfCookie
FN:43,validateCsrfToken
FNF:4
FNH:0
FNDA:0,(anonymous_0)
FNDA:0,generateCsrfToken
FNDA:0,setCsrfCookie
FNDA:0,validateCsrfToken
DA:20,0
DA:23,0
DA:30,0
DA:44,0
DA:47,0
LF:5
LH:0
BRF:0
BRH:0
end_of_record
TN:
SF:src/middleware/error-handler.js
FN:12,(anonymous_0)
FN:61,(anonymous_1)
FN:79,(anonymous_2)
FN:80,(anonymous_3)
FNF:4
FNH:0
FNDA:0,(anonymous_0)
FNDA:0,(anonymous_1)
FNDA:0,(anonymous_2)
FNDA:0,(anonymous_3)
DA:12,0
DA:14,0
DA:25,0
DA:28,0
DA:31,0
DA:44,0
DA:45,0
DA:46,0
DA:47,0
DA:48,0
DA:49,0
DA:50,0
DA:51,0
DA:52,0
DA:55,0
DA:61,0
DA:62,0
DA:68,0
DA:79,0
DA:80,0
DA:81,0
LF:21
LH:0
BRDA:25,0,0,0
BRDA:25,0,1,0
BRDA:25,0,2,0
BRDA:33,1,0,0
BRDA:33,1,1,0
BRDA:34,2,0,0
BRDA:34,2,1,0
BRDA:44,3,0,0
BRDA:44,3,1,0
BRDA:46,4,0,0
BRDA:46,4,1,0
BRDA:47,5,0,0
BRDA:47,5,1,0
BRDA:47,6,0,0
BRDA:47,6,1,0
BRDA:50,7,0,0
BRDA:50,7,1,0
BRF:17
BRH:0
end_of_record
TN:
SF:src/middleware/ip-access-control.js
FN:18,parseIpAddress
FN:36,(anonymous_1)
FN:111,(anonymous_2)
FNF:3
FNH:0
FNDA:0,parseIpAddress
FNDA:0,(anonymous_1)
FNDA:0,(anonymous_2)
DA:19,0
DA:23,0
DA:26,0
DA:27,0
DA:30,0
DA:36,0
DA:37,0
DA:39,0
DA:43,0
DA:44,0
DA:49,0
DA:53,0
DA:54,0
DA:56,0
DA:57,0
DA:61,0
DA:63,0
DA:65,0
DA:67,0
DA:69,0
DA:71,0
DA:79,0
DA:88,0
DA:90,0
DA:97,0
DA:98,0
DA:104,0
DA:111,0
DA:112,0
LF:29
LH:0
BRDA:19,0,0,0
BRDA:19,0,1,0
BRDA:26,1,0,0
BRDA:26,1,1,0
BRDA:26,2,0,0
BRDA:26,2,1,0
BRDA:40,3,0,0
BRDA:40,3,1,0
BRDA:40,3,2,0
BRDA:40,3,3,0
BRDA:43,4,0,0
BRDA:43,4,1,0
BRDA:53,5,0,0
BRDA:53,5,1,0
BRDA:56,6,0,0
BRDA:56,6,1,0
BRDA:56,7,0,0
BRDA:56,7,1,0
BRDA:56,7,2,0
BRDA:63,8,0,0
BRDA:63,8,1,0
BRDA:65,9,0,0
BRDA:65,9,1,0
BRDA:97,10,0,0
BRDA:97,10,1,0
BRF:25
BRH:0
end_of_record
TN:
SF:src/middleware/rate-limiter.js
FN:21,(anonymous_0)
FN:45,(anonymous_1)
FN:67,(anonymous_2)
FNF:3
FNH:0
FNDA:0,(anonymous_0)
FNDA:0,(anonymous_1)
FNDA:0,(anonymous_2)
DA:11,0
DA:12,0
DA:22,0
DA:27,0
DA:35,0
DA:46,0
DA:51,0
DA:58,0
DA:68,0
DA:73,0
LF:10
LH:0
BRDA:11,0,0,0
BRDA:11,0,1,0
BRDA:37,1,0,0
BRDA:37,1,1,0
BRF:4
BRH:0
end_of_record
TN:
SF:src/routes/ai-memory.js
FN:11,(anonymous_0)
FN:57,(anonymous_1)
FN:110,(anonymous_2)
FN:125,(anonymous_3)
FN:156,(anonymous_4)
FN:186,(anonymous_5)
FN:201,(anonymous_6)
FN:225,(anonymous_7)
FN:249,(anonymous_8)
FN:270,(anonymous_9)
FN:299,(anonymous_10)
FN:319,(anonymous_11)
FNF:12
FNH:0
FNDA:0,(anonymous_0)
FNDA:0,(anonymous_1)
FNDA:0,(anonymous_2)
FNDA:0,(anonymous_3)
FNDA:0,(anonymous_4)
FNDA:0,(anonymous_5)
FNDA:0,(anonymous_6)
FNDA:0,(anonymous_7)
FNDA:0,(anonymous_8)
FNDA:0,(anonymous_9)
FNDA:0,(anonymous_10)
FNDA:0,(anonymous_11)
DA:4,0
DA:11,0
DA:12,0
DA:13,0
DA:15,0
DA:16,0
DA:17,0
DA:19,0
DA:20,0
DA:21,0
DA:22,0
DA:25,0
DA:26,0
DA:27,0
DA:28,0
DA:31,0
DA:33,0
DA:34,0
DA:35,0
DA:38,0
DA:41,0
DA:49,0
DA:57,0
DA:58,0
DA:59,0
DA:62,0
DA:74,0
DA:75,0
DA:76,0
DA:86,0
DA:90,0
DA:98,0
DA:105,0
DA:110,0
DA:111,0
DA:112,0
DA:114,0
DA:115,0
DA:118,0
DA:120,0
DA:125,0
DA:126,0
DA:127,0
DA:129,0
DA:130,0
DA:133,0
DA:149,0
DA:151,0
DA:156,0
DA:157,0
DA:158,0
DA:160,0
DA:175,0
DA:176,0
DA:179,0
DA:181,0
DA:186,0
DA:187,0
DA:188,0
DA:190,0
DA:191,0
DA:194,0
DA:196,0
DA:201,0
DA:202,0
DA:203,0
DA:214,0
DA:216,0
DA:225,0
DA:226,0
DA:227,0
DA:229,0
DA:230,0
DA:233,0
DA:242,0
DA:244,0
DA:249,0
DA:250,0
DA:251,0
DA:253,0
DA:263,0
DA:265,0
DA:270,0
DA:271,0
DA:272,0
DA:274,0
DA:288,0
DA:290,0
DA:299,0
DA:300,0
DA:301,0
DA:303,0
DA:312,0
DA:314,0
DA:319,0
DA:320,0
DA:321,0
DA:323,0
DA:324,0
DA:327,0
DA:328,0
DA:329,0
DA:331,0
DA:347,0
DA:350,0
DA:352,0
LF:106
LH:0
BRDA:13,0,0,0
BRDA:19,1,0,0
BRDA:19,1,1,0
BRDA:25,2,0,0
BRDA:25,2,1,0
BRDA:33,3,0,0
BRDA:33,3,1,0
BRDA:35,4,0,0
BRDA:35,4,1,0
BRDA:59,5,0,0
BRDA:75,6,0,0
BRDA:75,6,1,0
BRDA:114,7,0,0
BRDA:114,7,1,0
BRDA:127,8,0,0
BRDA:127,9,0,0
BRDA:129,10,0,0
BRDA:129,10,1,0
BRDA:129,11,0,0
BRDA:129,11,1,0
BRDA:129,11,2,0
BRDA:175,12,0,0
BRDA:175,12,1,0
BRDA:190,13,0,0
BRDA:190,13,1,0
BRDA:227,14,0,0
BRDA:229,15,0,0
BRDA:229,15,1,0
BRDA:229,16,0,0
BRDA:229,16,1,0
BRDA:229,16,2,0
BRDA:239,17,0,0
BRDA:239,17,1,0
BRDA:239,18,0,0
BRDA:239,18,1,0
BRDA:251,19,0,0
BRDA:272,20,0,0
BRDA:272,21,0,0
BRDA:301,22,0,0
BRDA:321,23,0,0
BRDA:323,24,0,0
BRDA:323,24,1,0
BRDA:329,25,0,0
BRF:43
BRH:0
end_of_record
TN:
SF:src/routes/ai.js
FN:26,(anonymous_0)
FN:55,(anonymous_1)
FN:127,(anonymous_2)
FN:193,(anonymous_3)
FN:201,(anonymous_4)
FN:220,(anonymous_5)
FN:249,(anonymous_6)
FN:288,(anonymous_7)
FN:324,(anonymous_8)
FN:361,(anonymous_9)
FN:429,(anonymous_10)
FN:485,(anonymous_11)
FN:527,(anonymous_12)
FN:551,(anonymous_13)
FN:597,(anonymous_14)
FN:651,(anonymous_15)
FN:684,(anonymous_16)
FN:696,(anonymous_17)
FN:731,(anonymous_18)
FN:806,(anonymous_19)
FN:823,(anonymous_20)
FN:869,(anonymous_21)
FN:885,(anonymous_22)
FN:1008,(anonymous_23)
FN:1039,(anonymous_24)
FN:1069,(anonymous_25)
FN:1103,(anonymous_26)
FN:1136,(anonymous_27)
FN:1152,(anonymous_28)
FN:1158,(anonymous_29)
FN:1197,(anonymous_30)
FN:1266,(anonymous_31)
FN:1314,(anonymous_32)
FN:1364,(anonymous_33)
FN:1407,(anonymous_34)
FN:1437,(anonymous_35)
FN:1487,(anonymous_36)
FN:1536,(anonymous_37)
FN:1558,(anonymous_38)
FN:1595,(anonymous_39)
FN:1668,(anonymous_40)
FN:1743,(anonymous_41)
FN:1793,(anonymous_42)
FN:1831,(anonymous_43)
FN:1832,(anonymous_44)
FN:1853,(anonymous_45)
FN:1897,(anonymous_46)
FN:1967,(anonymous_47)
FN:2030,(anonymous_48)
FN:2036,(anonymous_49)
FN:2039,(anonymous_50)
FN:2049,(anonymous_51)
FN:2054,(anonymous_52)
FN:2058,(anonymous_53)
FN:2082,(anonymous_54)
FN:2133,(anonymous_55)
FN:2154,(anonymous_56)
FN:2189,(anonymous_57)
FN:2215,(anonymous_58)
FN:2231,(anonymous_59)
FNF:60
FNH:0
FNDA:0,(anonymous_0)
FNDA:0,(anonymous_1)
FNDA:0,(anonymous_2)
FNDA:0,(anonymous_3)
FNDA:0,(anonymous_4)
FNDA:0,(anonymous_5)
FNDA:0,(anonymous_6)
FNDA:0,(anonymous_7)
FNDA:0,(anonymous_8)
FNDA:0,(anonymous_9)
FNDA:0,(anonymous_10)
FNDA:0,(anonymous_11)
FNDA:0,(anonymous_12)
FNDA:0,(anonymous_13)
FNDA:0,(anonymous_14)
FNDA:0,(anonymous_15)
FNDA:0,(anonymous_16)
FNDA:0,(anonymous_17)
FNDA:0,(anonymous_18)
FNDA:0,(anonymous_19)
FNDA:0,(anonymous_20)
FNDA:0,(anonymous_21)
FNDA:0,(anonymous_22)
FNDA:0,(anonymous_23)
FNDA:0,(anonymous_24)
FNDA:0,(anonymous_25)
FNDA:0,(anonymous_26)
FNDA:0,(anonymous_27)
FNDA:0,(anonymous_28)
FNDA:0,(anonymous_29)
FNDA:0,(anonymous_30)
FNDA:0,(anonymous_31)
FNDA:0,(anonymous_32)
FNDA:0,(anonymous_33)
FNDA:0,(anonymous_34)
FNDA:0,(anonymous_35)
FNDA:0,(anonymous_36)
FNDA:0,(anonymous_37)
FNDA:0,(anonymous_38)
FNDA:0,(anonymous_39)
FNDA:0,(anonymous_40)
FNDA:0,(anonymous_41)
FNDA:0,(anonymous_42)
FNDA:0,(anonymous_43)
FNDA:0,(anonymous_44)
FNDA:0,(anonymous_45)
FNDA:0,(anonymous_46)
FNDA:0,(anonymous_47)
FNDA:0,(anonymous_48)
FNDA:0,(anonymous_49)
FNDA:0,(anonymous_50)
FNDA:0,(anonymous_51)
FNDA:0,(anonymous_52)
FNDA:0,(anonymous_53)
FNDA:0,(anonymous_54)
FNDA:0,(anonymous_55)
FNDA:0,(anonymous_56)
FNDA:0,(anonymous_57)
FNDA:0,(anonymous_58)
FNDA:0,(anonymous_59)
DA:17,0
DA:26,0
DA:27,0
DA:28,0
DA:30,0
DA:31,0
DA:37,0
DA:40,0
DA:41,0
DA:55,0
DA:59,0
DA:61,0
DA:63,0
DA:64,0
DA:65,0
DA:68,0
DA:78,0
DA:81,0
DA:82,0
DA:85,0
DA:87,0
DA:91,0
DA:94,0
DA:95,0
DA:102,0
DA:104,0
DA:113,0
DA:114,0
DA:127,0
DA:128,0
DA:129,0
DA:131,0
DA:132,0
DA:138,0
DA:143,0
DA:152,0
DA:154,0
DA:155,0
DA:162,0
DA:166,0
DA:175,0
DA:176,0
DA:193,0
DA:194,0
DA:195,0
DA:196,0
DA:198,0
DA:201,0
DA:208,0
DA:209,0
DA:220,0
DA:221,0
DA:222,0
DA:224,0
DA:225,0
DA:231,0
DA:233,0
DA:235,0
DA:237,0
DA:238,0
DA:249,0
DA:250,0
DA:251,0
DA:253,0
DA:260,0
DA:262,0
DA:263,0
DA:266,0
DA:267,0
DA:268,0
DA:271,0
DA:273,0
DA:275,0
DA:283,0
DA:286,0
DA:287,0
DA:288,0
DA:303,0
DA:312,0
DA:324,0
DA:325,0
DA:326,0
DA:329,0
DA:337,0
DA:338,0
DA:344,0
DA:349,0
DA:350,0
DA:361,0
DA:362,0
DA:363,0
DA:365,0
DA:366,0
DA:373,0
DA:386,0
DA:387,0
DA:389,0
DA:409,0
DA:411,0
DA:417,0
DA:418,0
DA:429,0
DA:430,0
DA:431,0
DA:432,0
DA:435,0
DA:437,0
DA:438,0
DA:445,0
DA:447,0
DA:465,0
DA:467,0
DA:473,0
DA:474,0
DA:485,0
DA:486,0
DA:487,0
DA:490,0
DA:492,0
DA:493,0
DA:499,0
DA:500,0
DA:506,0
DA:508,0
DA:510,0
DA:515,0
DA:516,0
DA:527,0
DA:528,0
DA:529,0
DA:531,0
DA:540,0
DA:542,0
DA:543,0
DA:551,0
DA:552,0
DA:553,0
DA:555,0
DA:556,0
DA:562,0
DA:564,0
DA:566,0
DA:567,0
DA:574,0
DA:579,0
DA:585,0
DA:586,0
DA:597,0
DA:598,0
DA:599,0
DA:601,0
DA:602,0
DA:608,0
DA:609,0
DA:615,0
DA:617,0
DA:619,0
DA:620,0
DA:627,0
DA:632,0
DA:639,0
DA:640,0
DA:651,0
DA:652,0
DA:653,0
DA:656,0
DA:657,0
DA:659,0
DA:668,0
DA:669,0
DA:684,0
DA:685,0
DA:686,0
DA:693,0
DA:694,0
DA:696,0
DA:697,0
DA:699,0
DA:700,0
DA:702,0
DA:710,0
DA:719,0
DA:720,0
DA:731,0
DA:732,0
DA:733,0
DA:735,0
DA:736,0
DA:742,0
DA:743,0
DA:746,0
DA:747,0
DA:748,0
DA:749,0
DA:754,0
DA:755,0
DA:756,0
DA:759,0
DA:760,0
DA:763,0
DA:773,0
DA:774,0
DA:777,0
DA:778,0
DA:780,0
DA:786,0
DA:788,0
DA:794,0
DA:795,0
DA:806,0
DA:807,0
DA:809,0
DA:815,0
DA:816,0
DA:823,0
DA:824,0
DA:826,0
DA:827,0
DA:828,0
DA:834,0
DA:842,0
DA:848,0
DA:849,0
DA:850,0
DA:852,0
DA:857,0
DA:858,0
DA:869,0
DA:870,0
DA:871,0
DA:873,0
DA:874,0
DA:881,0
DA:884,0
DA:885,0
DA:886,0
DA:889,0
DA:890,0
DA:891,0
DA:894,0
DA:895,0
DA:896,0
DA:899,0
DA:900,0
DA:904,0
DA:911,0
DA:912,0
DA:913,0
DA:914,0
DA:919,0
DA:921,0
DA:922,0
DA:932,0
DA:933,0
DA:935,0
DA:944,0
DA:946,0
DA:950,0
DA:955,0
DA:957,0
DA:958,0
DA:959,0
DA:968,0
DA:972,0
DA:979,0
DA:986,0
DA:996,0
DA:997,0
DA:1008,0
DA:1009,0
DA:1010,0
DA:1013,0
DA:1014,0
DA:1016,0
DA:1019,0
DA:1027,0
DA:1028,0
DA:1039,0
DA:1040,0
DA:1041,0
DA:1043,0
DA:1045,0
DA:1046,0
DA:1052,0
DA:1057,0
DA:1058,0
DA:1069,0
DA:1070,0
DA:1071,0
DA:1072,0
DA:1074,0
DA:1077,0
DA:1078,0
DA:1079,0
DA:1080,0
DA:1084,0
DA:1086,0
DA:1091,0
DA:1092,0
DA:1103,0
DA:1104,0
DA:1105,0
DA:1108,0
DA:1112,0
DA:1113,0
DA:1115,0
DA:1124,0
DA:1125,0
DA:1136,0
DA:1137,0
DA:1138,0
DA:1140,0
DA:1141,0
DA:1148,0
DA:1151,0
DA:1152,0
DA:1154,0
DA:1155,0
DA:1158,0
DA:1163,0
DA:1172,0
DA:1174,0
DA:1181,0
DA:1182,0
DA:1197,0
DA:1198,0
DA:1210,0
DA:1212,0
DA:1213,0
DA:1219,0
DA:1242,0
DA:1248,0
DA:1254,0
DA:1255,0
DA:1266,0
DA:1267,0
DA:1268,0
DA:1280,0
DA:1289,0
DA:1298,0
DA:1299,0
DA:1314,0
DA:1315,0
DA:1316,0
DA:1318,0
DA:1319,0
DA:1320,0
DA:1322,0
DA:1323,0
DA:1324,0
DA:1325,0
DA:1328,0
DA:1329,0
DA:1330,0
DA:1331,0
DA:1334,0
DA:1346,0
DA:1352,0
DA:1353,0
DA:1364,0
DA:1365,0
DA:1366,0
DA:1368,0
DA:1369,0
DA:1375,0
DA:1389,0
DA:1395,0
DA:1396,0
DA:1407,0
DA:1408,0
DA:1409,0
DA:1411,0
DA:1413,0
DA:1414,0
DA:1420,0
DA:1425,0
DA:1426,0
DA:1437,0
DA:1438,0
DA:1439,0
DA:1441,0
DA:1442,0
DA:1443,0
DA:1445,0
DA:1446,0
DA:1447,0
DA:1448,0
DA:1451,0
DA:1452,0
DA:1453,0
DA:1454,0
DA:1457,0
DA:1469,0
DA:1475,0
DA:1476,0
DA:1487,0
DA:1488,0
DA:1489,0
DA:1490,0
DA:1492,0
DA:1502,0
DA:1503,0
DA:1510,0
DA:1511,0
DA:1514,0
DA:1520,0
DA:1521,0
DA:1536,0
DA:1537,0
DA:1538,0
DA:1540,0
DA:1541,0
DA:1543,0
DA:1546,0
DA:1547,0
DA:1558,0
DA:1559,0
DA:1560,0
DA:1562,0
DA:1573,0
DA:1579,0
DA:1580,0
DA:1595,0
DA:1596,0
DA:1597,0
DA:1600,0
DA:1636,0
DA:1645,0
DA:1656,0
DA:1657,0
DA:1668,0
DA:1669,0
DA:1670,0
DA:1672,0
DA:1673,0
DA:1680,0
DA:1725,0
DA:1731,0
DA:1732,0
DA:1743,0
DA:1744,0
DA:1745,0
DA:1747,0
DA:1748,0
DA:1754,0
DA:1756,0
DA:1774,0
DA:1781,0
DA:1782,0
DA:1793,0
DA:1794,0
DA:1795,0
DA:1796,0
DA:1798,0
DA:1817,0
DA:1818,0
DA:1826,0
DA:1831,0
DA:1832,0
DA:1835,0
DA:1841,0
DA:1842,0
DA:1853,0
DA:1854,0
DA:1855,0
DA:1856,0
DA:1858,0
DA:1867,0
DA:1868,0
DA:1874,0
DA:1879,0
DA:1885,0
DA:1886,0
DA:1897,0
DA:1898,0
DA:1900,0
DA:1912,0
DA:1917,0
DA:1926,0
DA:1934,0
DA:1938,0
DA:1949,0
DA:1950,0
DA:1967,0
DA:1968,0
DA:1969,0
DA:1971,0
DA:1972,0
DA:1978,0
DA:1987,0
DA:2003,0
DA:2013,0
DA:2018,0
DA:2030,0
DA:2031,0
DA:2033,0
DA:2036,0
DA:2039,0
DA:2041,0
DA:2047,0
DA:2049,0
DA:2054,0
DA:2058,0
DA:2069,0
DA:2070,0
DA:2082,0
DA:2083,0
DA:2084,0
DA:2087,0
DA:2106,0
DA:2116,0
DA:2117,0
DA:2133,0
DA:2134,0
DA:2135,0
DA:2137,0
DA:2138,0
DA:2145,0
DA:2151,0
DA:2155,0
DA:2159,0
DA:2177,0
DA:2184,0
DA:2185,0
DA:2188,0
DA:2189,0
DA:2190,0
DA:2191,0
DA:2195,0
DA:2203,0
DA:2204,0
DA:2215,0
DA:2216,0
DA:2217,0
DA:2221,0
DA:2231,0
DA:2233,0
DA:2239,0
DA:2240,0
LF:539
LH:0
BRDA:28,0,0,0
BRDA:28,1,0,0
BRDA:30,2,0,0
BRDA:30,2,1,0
BRDA:30,3,0,0
BRDA:30,3,1,0
BRDA:59,4,0,0
BRDA:59,4,1,0
BRDA:81,5,0,0
BRDA:81,5,1,0
BRDA:81,6,0,0
BRDA:81,6,1,0
BRDA:94,7,0,0
BRDA:94,7,1,0
BRDA:129,8,0,0
BRDA:131,9,0,0
BRDA:131,9,1,0
BRDA:131,10,0,0
BRDA:131,10,1,0
BRDA:139,11,0,0
BRDA:139,11,1,0
BRDA:139,12,0,0
BRDA:139,12,1,0
BRDA:139,13,0,0
BRDA:139,13,1,0
BRDA:139,14,0,0
BRDA:139,14,1,0
BRDA:139,15,0,0
BRDA:139,15,1,0
BRDA:144,16,0,0
BRDA:144,16,1,0
BRDA:146,17,0,0
BRDA:146,17,1,0
BRDA:147,18,0,0
BRDA:147,18,1,0
BRDA:148,19,0,0
BRDA:148,19,1,0
BRDA:149,20,0,0
BRDA:149,20,1,0
BRDA:154,21,0,0
BRDA:154,21,1,0
BRDA:163,22,0,0
BRDA:163,22,1,0
BRDA:222,23,0,0
BRDA:224,24,0,0
BRDA:224,24,1,0
BRDA:262,25,0,0
BRDA:262,25,1,0
BRDA:266,26,0,0
BRDA:266,26,1,0
BRDA:294,27,0,0
BRDA:294,27,1,0
BRDA:294,28,0,0
BRDA:294,28,1,0
BRDA:294,29,0,0
BRDA:294,29,1,0
BRDA:337,30,0,0
BRDA:337,30,1,0
BRDA:365,31,0,0
BRDA:365,31,1,0
BRDA:365,32,0,0
BRDA:365,32,1,0
BRDA:387,33,0,0
BRDA:387,33,1,0
BRDA:399,34,0,0
BRDA:399,34,1,0
BRDA:401,35,0,0
BRDA:401,35,1,0
BRDA:402,36,0,0
BRDA:402,36,1,0
BRDA:403,37,0,0
BRDA:403,37,1,0
BRDA:405,38,0,0
BRDA:405,38,1,0
BRDA:437,39,0,0
BRDA:437,39,1,0
BRDA:445,40,0,0
BRDA:445,40,1,0
BRDA:445,41,0,0
BRDA:445,41,1,0
BRDA:492,42,0,0
BRDA:492,42,1,0
BRDA:499,43,0,0
BRDA:499,43,1,0
BRDA:555,44,0,0
BRDA:555,44,1,0
BRDA:555,45,0,0
BRDA:555,45,1,0
BRDA:566,46,0,0
BRDA:566,46,1,0
BRDA:601,47,0,0
BRDA:601,47,1,0
BRDA:601,48,0,0
BRDA:601,48,1,0
BRDA:608,49,0,0
BRDA:608,49,1,0
BRDA:619,50,0,0
BRDA:619,50,1,0
BRDA:657,51,0,0
BRDA:657,51,1,0
BRDA:661,52,0,0
BRDA:661,52,1,0
BRDA:699,53,0,0
BRDA:699,53,1,0
BRDA:735,54,0,0
BRDA:735,54,1,0
BRDA:735,55,0,0
BRDA:735,55,1,0
BRDA:748,56,0,0
BRDA:748,56,1,0
BRDA:759,57,0,0
BRDA:759,57,1,0
BRDA:759,58,0,0
BRDA:759,58,1,0
BRDA:773,59,0,0
BRDA:773,59,1,0
BRDA:778,60,0,0
BRDA:778,60,1,0
BRDA:819,61,0,0
BRDA:819,61,1,0
BRDA:826,62,0,0
BRDA:826,62,1,0
BRDA:826,63,0,0
BRDA:826,63,1,0
BRDA:826,63,2,0
BRDA:871,64,0,0
BRDA:873,65,0,0
BRDA:873,65,1,0
BRDA:873,66,0,0
BRDA:873,66,1,0
BRDA:899,67,0,0
BRDA:899,67,1,0
BRDA:899,68,0,0
BRDA:899,68,1,0
BRDA:899,68,2,0
BRDA:911,69,0,0
BRDA:911,69,1,0
BRDA:912,70,0,0
BRDA:912,70,1,0
BRDA:921,71,0,0
BRDA:921,71,1,0
BRDA:932,72,0,0
BRDA:932,72,1,0
BRDA:932,73,0,0
BRDA:932,73,1,0
BRDA:933,74,0,0
BRDA:933,74,1,0
BRDA:933,75,0,0
BRDA:933,75,1,0
BRDA:955,76,0,0
BRDA:955,76,1,0
BRDA:955,77,0,0
BRDA:955,77,1,0
BRDA:992,78,0,0
BRDA:992,78,1,0
BRDA:993,79,0,0
BRDA:993,79,1,0
BRDA:1010,80,0,0
BRDA:1013,81,0,0
BRDA:1013,81,1,0
BRDA:1045,82,0,0
BRDA:1045,82,1,0
BRDA:1077,83,0,0
BRDA:1077,83,1,0
BRDA:1079,84,0,0
BRDA:1079,84,1,0
BRDA:1094,85,0,0
BRDA:1094,85,1,0
BRDA:1112,86,0,0
BRDA:1112,86,1,0
BRDA:1113,87,0,0
BRDA:1113,87,1,0
BRDA:1140,88,0,0
BRDA:1140,88,1,0
BRDA:1151,89,0,0
BRDA:1151,89,1,0
BRDA:1154,90,0,0
BRDA:1154,90,1,0
BRDA:1212,91,0,0
BRDA:1212,91,1,0
BRDA:1212,92,0,0
BRDA:1212,92,1,0
BRDA:1229,93,0,0
BRDA:1229,93,1,0
BRDA:1230,94,0,0
BRDA:1230,94,1,0
BRDA:1231,95,0,0
BRDA:1231,95,1,0
BRDA:1232,96,0,0
BRDA:1232,96,1,0
BRDA:1233,97,0,0
BRDA:1233,97,1,0
BRDA:1234,98,0,0
BRDA:1234,98,1,0
BRDA:1235,99,0,0
BRDA:1235,99,1,0
BRDA:1236,100,0,0
BRDA:1236,100,1,0
BRDA:1237,101,0,0
BRDA:1237,101,1,0
BRDA:1238,102,0,0
BRDA:1238,102,1,0
BRDA:1316,103,0,0
BRDA:1316,104,0,0
BRDA:1322,105,0,0
BRDA:1322,105,1,0
BRDA:1328,106,0,0
BRDA:1328,106,1,0
BRDA:1366,107,0,0
BRDA:1366,108,0,0
BRDA:1368,109,0,0
BRDA:1368,109,1,0
BRDA:1368,110,0,0
BRDA:1368,110,1,0
BRDA:1368,110,2,0
BRDA:1413,111,0,0
BRDA:1413,111,1,0
BRDA:1439,112,0,0
BRDA:1445,113,0,0
BRDA:1445,113,1,0
BRDA:1451,114,0,0
BRDA:1451,114,1,0
BRDA:1502,115,0,0
BRDA:1502,115,1,0
BRDA:1510,116,0,0
BRDA:1510,116,1,0
BRDA:1510,117,0,0
BRDA:1510,117,1,0
BRDA:1517,118,0,0
BRDA:1517,118,1,0
BRDA:1540,119,0,0
BRDA:1540,119,1,0
BRDA:1560,120,0,0
BRDA:1560,121,0,0
BRDA:1597,122,0,0
BRDA:1597,123,0,0
BRDA:1597,124,0,0
BRDA:1649,125,0,0
BRDA:1649,125,1,0
BRDA:1670,126,0,0
BRDA:1670,127,0,0
BRDA:1672,128,0,0
BRDA:1672,128,1,0
BRDA:1745,129,0,0
BRDA:1745,130,0,0
BRDA:1747,131,0,0
BRDA:1747,131,1,0
BRDA:1747,132,0,0
BRDA:1747,132,1,0
BRDA:1796,133,0,0
BRDA:1817,134,0,0
BRDA:1817,134,1,0
BRDA:1856,135,0,0
BRDA:1867,136,0,0
BRDA:1867,136,1,0
BRDA:1942,137,0,0
BRDA:1942,137,1,0
BRDA:1945,138,0,0
BRDA:1945,138,1,0
BRDA:1969,139,0,0
BRDA:1971,140,0,0
BRDA:1971,140,1,0
BRDA:1971,141,0,0
BRDA:1971,141,1,0
BRDA:1988,142,0,0
BRDA:1988,142,1,0
BRDA:1989,143,0,0
BRDA:1989,143,1,0
BRDA:2006,144,0,0
BRDA:2006,144,1,0
BRDA:2007,145,0,0
BRDA:2007,145,1,0
BRDA:2008,146,0,0
BRDA:2008,146,1,0
BRDA:2036,147,0,0
BRDA:2036,147,1,0
BRDA:2039,148,0,0
BRDA:2039,148,1,0
BRDA:2052,149,0,0
BRDA:2052,149,1,0
BRDA:2084,150,0,0
BRDA:2084,151,0,0
BRDA:2137,152,0,0
BRDA:2137,152,1,0
BRDA:2137,153,0,0
BRDA:2137,153,1,0
BRDA:2137,153,2,0
BRDA:2155,154,0,0
BRDA:2155,154,1,0
BRDA:2166,155,0,0
BRDA:2166,155,1,0
BRDA:2167,156,0,0
BRDA:2167,156,1,0
BRDA:2179,157,0,0
BRDA:2179,157,1,0
BRDA:2185,158,0,0
BRDA:2185,158,1,0
BRDA:2190,159,0,0
BRDA:2190,159,1,0
BRDA:2190,160,0,0
BRDA:2190,160,1,0
BRDA:2190,160,2,0
BRDA:2217,161,0,0
BRF:303
BRH:0
end_of_record
TN:
SF:src/routes/audit-logs.js
FN:18,(anonymous_0)
FN:54,(anonymous_1)
FN:68,(anonymous_2)
FN:130,(anonymous_3)
FN:154,(anonymous_4)
FN:175,(anonymous_5)
FN:199,(anonymous_6)
FN:220,(anonymous_7)
FN:221,(anonymous_8)
FNF:9
FNH:0
FNDA:0,(anonymous_0)
FNDA:0,(anonymous_1)
FNDA:0,(anonymous_2)
FNDA:0,(anonymous_3)
FNDA:0,(anonymous_4)
FNDA:0,(anonymous_5)
FNDA:0,(anonymous_6)
FNDA:0,(anonymous_7)
FNDA:0,(anonymous_8)
DA:12,0
DA:18,0
DA:19,0
DA:20,0
DA:23,0
DA:24,0
DA:25,0
DA:29,0
DA:30,0
DA:33,0
DA:44,0
DA:46,0
DA:54,0
DA:55,0
DA:56,0
DA:57,0
DA:58,0
DA:60,0
DA:68,0
DA:69,0
DA:71,0
DA:77,0
DA:83,0
DA:93,0
DA:102,0
DA:111,0
DA:122,0
DA:130,0
DA:131,0
DA:132,0
DA:133,0
DA:135,0
DA:136,0
DA:140,0
DA:141,0
DA:144,0
DA:146,0
DA:154,0
DA:155,0
DA:156,0
DA:157,0
DA:160,0
DA:161,0
DA:164,0
DA:165,0
DA:167,0
DA:175,0
DA:176,0
DA:177,0
DA:178,0
DA:180,0
DA:189,0
DA:191,0
DA:199,0
DA:200,0
DA:202,0
DA:203,0
DA:204,0
DA:207,0
DA:211,0
DA:214,0
DA:216,0
DA:220,0
DA:221,0
DA:225,0
LF:65
LH:0
BRDA:20,0,0,0
BRDA:20,1,0,0
BRDA:23,2,0,0
BRDA:23,2,1,0
BRDA:24,3,0,0
BRDA:24,3,1,0
BRDA:24,4,0,0
BRDA:24,4,1,0
BRDA:24,4,2,0
BRDA:29,5,0,0
BRDA:29,5,1,0
BRDA:56,6,0,0
BRDA:135,7,0,0
BRDA:135,7,1,0
BRDA:140,8,0,0
BRDA:140,8,1,0
BRDA:140,9,0,0
BRDA:140,9,1,0
BRDA:157,10,0,0
BRDA:160,11,0,0
BRDA:160,11,1,0
BRDA:160,12,0,0
BRDA:160,12,1,0
BRDA:178,13,0,0
BRDA:203,14,0,0
BRDA:203,14,1,0
BRF:26
BRH:0
end_of_record
TN:
SF:src/routes/auth.js
FN:35,(anonymous_0)
FN:46,(anonymous_1)
FN:55,(anonymous_2)
FN:63,(anonymous_3)
FN:197,(anonymous_4)
FN:241,(anonymous_5)
FN:293,(anonymous_6)
FN:338,(anonymous_7)
FN:403,(anonymous_8)
FN:428,(anonymous_9)
FN:499,(anonymous_10)
FN:537,(anonymous_11)
FN:558,(anonymous_12)
FN:602,(anonymous_13)
FN:621,(anonymous_14)
FN:724,(anonymous_15)
FN:767,(anonymous_16)
FN:803,(anonymous_17)
FN:846,(anonymous_18)
FN:887,(anonymous_19)
FN:929,(anonymous_20)
FN:934,(anonymous_21)
FN:939,(anonymous_22)
FN:944,(anonymous_23)
FN:949,(anonymous_24)
FN:956,(anonymous_25)
FN:982,(anonymous_26)
FN:1000,(anonymous_27)
FN:1017,(anonymous_28)
FN:1051,(anonymous_29)
FN:1087,(anonymous_30)
FN:1129,(anonymous_31)
FN:1149,(anonymous_32)
FN:1212,(anonymous_33)
FN:1294,(anonymous_34)
FNF:35
FNH:0
FNDA:0,(anonymous_0)
FNDA:0,(anonymous_1)
FNDA:0,(anonymous_2)
FNDA:0,(anonymous_3)
FNDA:0,(anonymous_4)
FNDA:0,(anonymous_5)
FNDA:0,(anonymous_6)
FNDA:0,(anonymous_7)
FNDA:0,(anonymous_8)
FNDA:0,(anonymous_9)
FNDA:0,(anonymous_10)
FNDA:0,(anonymous_11)
FNDA:0,(anonymous_12)
FNDA:0,(anonymous_13)
FNDA:0,(anonymous_14)
FNDA:0,(anonymous_15)
FNDA:0,(anonymous_16)
FNDA:0,(anonymous_17)
FNDA:0,(anonymous_18)
FNDA:0,(anonymous_19)
FNDA:0,(anonymous_20)
FNDA:0,(anonymous_21)
FNDA:0,(anonymous_22)
FNDA:0,(anonymous_23)
FNDA:0,(anonymous_24)
FNDA:0,(anonymous_25)
FNDA:0,(anonymous_26)
FNDA:0,(anonymous_27)
FNDA:0,(anonymous_28)
FNDA:0,(anonymous_29)
FNDA:0,(anonymous_30)
FNDA:0,(anonymous_31)
FNDA:0,(anonymous_32)
FNDA:0,(anonymous_33)
FNDA:0,(anonymous_34)
DA:19,0
DA:22,0
DA:23,0
DA:24,0
DA:26,0
DA:29,0
DA:30,0
DA:31,0
DA:32,0
DA:35,0
DA:36,0
DA:37,0
DA:38,0
DA:39,0
DA:40,0
DA:41,0
DA:42,0
DA:46,0
DA:55,0
DA:56,0
DA:63,0
DA:64,0
DA:65,0
DA:66,0
DA:67,0
DA:69,0
DA:70,0
DA:74,0
DA:75,0
DA:76,0
DA:77,0
DA:86,0
DA:88,0
DA:89,0
DA:90,0
DA:93,0
DA:96,0
DA:97,0
DA:104,0
DA:105,0
DA:106,0
DA:108,0
DA:109,0
DA:113,0
DA:120,0
DA:127,0
DA:129,0
DA:136,0
DA:149,0
DA:150,0
DA:153,0
DA:154,0
DA:163,0
DA:164,0
DA:165,0
DA:167,0
DA:170,0
DA:174,0
DA:175,0
DA:177,0
DA:189,0
DA:190,0
DA:197,0
DA:198,0
DA:199,0
DA:201,0
DA:202,0
DA:206,0
DA:207,0
DA:208,0
DA:212,0
DA:213,0
DA:215,0
DA:218,0
DA:227,0
DA:233,0
DA:234,0
DA:241,0
DA:242,0
DA:244,0
DA:245,0
DA:246,0
DA:249,0
DA:250,0
DA:254,0
DA:255,0
DA:257,0
DA:258,0
DA:260,0
DA:263,0
DA:268,0
DA:269,0
DA:272,0
DA:274,0
DA:285,0
DA:286,0
DA:293,0
DA:294,0
DA:295,0
DA:296,0
DA:297,0
DA:300,0
DA:301,0
DA:304,0
DA:305,0
DA:307,0
DA:308,0
DA:311,0
DA:320,0
DA:321,0
DA:324,0
DA:330,0
DA:331,0
DA:338,0
DA:339,0
DA:340,0
DA:341,0
DA:342,0
DA:345,0
DA:346,0
DA:349,0
DA:350,0
DA:352,0
DA:353,0
DA:356,0
DA:357,0
DA:358,0
DA:364,0
DA:368,0
DA:369,0
DA:372,0
DA:373,0
DA:375,0
DA:376,0
DA:379,0
DA:380,0
DA:382,0
DA:390,0
DA:395,0
DA:396,0
DA:403,0
DA:404,0
DA:405,0
DA:406,0
DA:407,0
DA:408,0
DA:409,0
DA:411,0
DA:415,0
DA:416,0
DA:418,0
DA:420,0
DA:421,0
DA:428,0
DA:429,0
DA:430,0
DA:432,0
DA:433,0
DA:436,0
DA:439,0
DA:440,0
DA:452,0
DA:454,0
DA:455,0
DA:458,0
DA:459,0
DA:460,0
DA:464,0
DA:465,0
DA:467,0
DA:471,0
DA:483,0
DA:485,0
DA:491,0
DA:492,0
DA:499,0
DA:500,0
DA:501,0
DA:502,0
DA:503,0
DA:506,0
DA:507,0
DA:510,0
DA:512,0
DA:513,0
DA:521,0
DA:524,0
DA:525,0
DA:527,0
DA:529,0
DA:530,0
DA:537,0
DA:538,0
DA:540,0
DA:541,0
DA:544,0
DA:545,0
DA:558,0
DA:559,0
DA:560,0
DA:561,0
DA:562,0
DA:565,0
DA:566,0
DA:570,0
DA:571,0
DA:573,0
DA:576,0
DA:577,0
DA:578,0
DA:582,0
DA:583,0
DA:590,0
DA:591,0
DA:596,0
DA:600,0
DA:602,0
DA:613,0
DA:614,0
DA:621,0
DA:622,0
DA:623,0
DA:624,0
DA:625,0
DA:628,0
DA:629,0
DA:632,0
DA:634,0
DA:635,0
DA:636,0
DA:639,0
DA:640,0
DA:642,0
DA:643,0
DA:644,0
DA:645,0
DA:648,0
DA:649,0
DA:651,0
DA:652,0
DA:653,0
DA:655,0
DA:657,0
DA:658,0
DA:659,0
DA:661,0
DA:665,0
DA:666,0
DA:667,0
DA:669,0
DA:670,0
DA:671,0
DA:673,0
DA:674,0
DA:675,0
DA:677,0
DA:678,0
DA:679,0
DA:681,0
DA:682,0
DA:683,0
DA:685,0
DA:686,0
DA:687,0
DA:689,0
DA:690,0
DA:691,0
DA:694,0
DA:695,0
DA:697,0
DA:706,0
DA:707,0
DA:710,0
DA:716,0
DA:717,0
DA:724,0
DA:725,0
DA:726,0
DA:727,0
DA:728,0
DA:731,0
DA:732,0
DA:735,0
DA:737,0
DA:738,0
DA:741,0
DA:743,0
DA:744,0
DA:747,0
DA:749,0
DA:750,0
DA:753,0
DA:759,0
DA:760,0
DA:767,0
DA:768,0
DA:769,0
DA:771,0
DA:772,0
DA:779,0
DA:785,0
DA:786,0
DA:789,0
DA:795,0
DA:796,0
DA:803,0
DA:804,0
DA:805,0
DA:806,0
DA:807,0
DA:810,0
DA:811,0
DA:814,0
DA:816,0
DA:817,0
DA:820,0
DA:821,0
DA:822,0
DA:824,0
DA:826,0
DA:827,0
DA:830,0
DA:832,0
DA:838,0
DA:839,0
DA:846,0
DA:847,0
DA:848,0
DA:849,0
DA:850,0
DA:853,0
DA:854,0
DA:857,0
DA:859,0
DA:860,0
DA:863,0
DA:865,0
DA:867,0
DA:868,0
DA:871,0
DA:873,0
DA:879,0
DA:880,0
DA:887,0
DA:888,0
DA:889,0
DA:890,0
DA:891,0
DA:894,0
DA:895,0
DA:898,0
DA:900,0
DA:901,0
DA:904,0
DA:905,0
DA:907,0
DA:908,0
DA:910,0
DA:916,0
DA:917,0
DA:929,0
DA:930,0
DA:934,0
DA:935,0
DA:939,0
DA:940,0
DA:944,0
DA:945,0
DA:949,0
DA:950,0
DA:956,0
DA:957,0
DA:958,0
DA:959,0
DA:960,0
DA:963,0
DA:964,0
DA:968,0
DA:969,0
DA:971,0
DA:974,0
DA:975,0
DA:976,0
DA:977,0
DA:980,0
DA:982,0
DA:983,0
DA:984,0
DA:987,0
DA:992,0
DA:993,0
DA:1000,0
DA:1001,0
DA:1002,0
DA:1003,0
DA:1004,0
DA:1007,0
DA:1008,0
DA:1011,0
DA:1012,0
DA:1013,0
DA:1014,0
DA:1016,0
DA:1017,0
DA:1019,0
DA:1020,0
DA:1023,0
DA:1024,0
DA:1025,0
DA:1026,0
DA:1027,0
DA:1028,0
DA:1032,0
DA:1034,0
DA:1035,0
DA:1038,0
DA:1043,0
DA:1044,0
DA:1051,0
DA:1052,0
DA:1053,0
DA:1054,0
DA:1055,0
DA:1058,0
DA:1059,0
DA:1062,0
DA:1063,0
DA:1065,0
DA:1066,0
DA:1067,0
DA:1070,0
DA:1071,0
DA:1073,0
DA:1079,0
DA:1080,0
DA:1087,0
DA:1088,0
DA:1089,0
DA:1090,0
DA:1091,0
DA:1094,0
DA:1095,0
DA:1098,0
DA:1100,0
DA:1101,0
DA:1104,0
DA:1106,0
DA:1110,0
DA:1111,0
DA:1113,0
DA:1114,0
DA:1115,0
DA:1118,0
DA:1119,0
DA:1120,0
DA:1123,0
DA:1125,0
DA:1127,0
DA:1129,0
DA:1141,0
DA:1142,0
DA:1149,0
DA:1150,0
DA:1151,0
DA:1152,0
DA:1153,0
DA:1156,0
DA:1157,0
DA:1160,0
DA:1162,0
DA:1163,0
DA:1166,0
DA:1168,0
DA:1169,0
DA:1172,0
DA:1173,0
DA:1176,0
DA:1177,0
DA:1184,0
DA:1196,0
DA:1197,0
DA:1201,0
DA:1204,0
DA:1205,0
DA:1212,0
DA:1213,0
DA:1214,0
DA:1215,0
DA:1216,0
DA:1219,0
DA:1220,0
DA:1223,0
DA:1225,0
DA:1226,0
DA:1229,0
DA:1230,0
DA:1232,0
DA:1233,0
DA:1234,0
DA:1236,0
DA:1237,0
DA:1238,0
DA:1241,0
DA:1242,0
DA:1243,0
DA:1245,0
DA:1246,0
DA:1249,0
DA:1250,0
DA:1251,0
DA:1254,0
DA:1255,0
DA:1256,0
DA:1259,0
DA:1260,0
DA:1262,0
DA:1269,0
DA:1270,0
DA:1273,0
DA:1286,0
DA:1287,0
DA:1294,0
DA:1295,0
DA:1296,0
DA:1297,0
DA:1298,0
DA:1301,0
DA:1302,0
DA:1305,0
DA:1307,0
DA:1308,0
DA:1311,0
DA:1313,0
DA:1315,0
DA:1316,0
DA:1319,0
DA:1324,0
DA:1325,0
LF:538
LH:0
BRDA:22,0,0,0
BRDA:22,0,1,0
BRDA:37,1,0,0
BRDA:37,1,1,0
BRDA:38,2,0,0
BRDA:38,2,1,0
BRDA:39,3,0,0
BRDA:39,3,1,0
BRDA:40,4,0,0
BRDA:40,4,1,0
BRDA:41,5,0,0
BRDA:41,5,1,0
BRDA:49,6,0,0
BRDA:49,6,1,0
BRDA:66,7,0,0
BRDA:66,7,1,0
BRDA:66,7,2,0
BRDA:67,8,0,0
BRDA:67,8,1,0
BRDA:69,9,0,0
BRDA:69,9,1,0
BRDA:69,10,0,0
BRDA:69,10,1,0
BRDA:75,11,0,0
BRDA:75,11,1,0
BRDA:88,12,0,0
BRDA:88,12,1,0
BRDA:96,13,0,0
BRDA:96,13,1,0
BRDA:105,14,0,0
BRDA:105,14,1,0
BRDA:108,15,0,0
BRDA:108,15,1,0
BRDA:109,16,0,0
BRDA:109,16,1,0
BRDA:141,17,0,0
BRDA:141,17,1,0
BRDA:185,18,0,0
BRDA:185,18,1,0
BRDA:199,19,0,0
BRDA:201,20,0,0
BRDA:201,20,1,0
BRDA:201,21,0,0
BRDA:201,21,1,0
BRDA:201,21,2,0
BRDA:207,22,0,0
BRDA:207,22,1,0
BRDA:215,23,0,0
BRDA:215,23,1,0
BRDA:215,24,0,0
BRDA:215,24,1,0
BRDA:245,25,0,0
BRDA:245,25,1,0
BRDA:249,26,0,0
BRDA:249,26,1,0
BRDA:257,27,0,0
BRDA:257,27,1,0
BRDA:268,28,0,0
BRDA:268,28,1,0
BRDA:281,29,0,0
BRDA:281,29,1,0
BRDA:296,30,0,0
BRDA:296,30,1,0
BRDA:300,31,0,0
BRDA:300,31,1,0
BRDA:307,32,0,0
BRDA:307,32,1,0
BRDA:307,33,0,0
BRDA:307,33,1,0
BRDA:320,34,0,0
BRDA:320,34,1,0
BRDA:341,35,0,0
BRDA:341,35,1,0
BRDA:345,36,0,0
BRDA:345,36,1,0
BRDA:352,37,0,0
BRDA:352,37,1,0
BRDA:352,38,0,0
BRDA:352,38,1,0
BRDA:357,39,0,0
BRDA:357,39,1,0
BRDA:368,40,0,0
BRDA:368,40,1,0
BRDA:375,41,0,0
BRDA:375,41,1,0
BRDA:406,42,0,0
BRDA:406,42,1,0
BRDA:432,43,0,0
BRDA:432,43,1,0
BRDA:458,44,0,0
BRDA:458,44,1,0
BRDA:476,45,0,0
BRDA:476,45,1,0
BRDA:502,46,0,0
BRDA:502,46,1,0
BRDA:506,47,0,0
BRDA:506,47,1,0
BRDA:540,48,0,0
BRDA:540,48,1,0
BRDA:549,49,0,0
BRDA:549,49,1,0
BRDA:549,50,0,0
BRDA:549,50,1,0
BRDA:561,51,0,0
BRDA:561,51,1,0
BRDA:565,52,0,0
BRDA:565,52,1,0
BRDA:576,53,0,0
BRDA:576,53,1,0
BRDA:576,53,2,0
BRDA:577,54,0,0
BRDA:577,54,1,0
BRDA:590,55,0,0
BRDA:590,55,1,0
BRDA:604,56,0,0
BRDA:604,56,1,0
BRDA:605,57,0,0
BRDA:605,57,1,0
BRDA:606,58,0,0
BRDA:606,58,1,0
BRDA:607,59,0,0
BRDA:607,59,1,0
BRDA:608,60,0,0
BRDA:608,60,1,0
BRDA:609,61,0,0
BRDA:609,61,1,0
BRDA:624,62,0,0
BRDA:624,62,1,0
BRDA:628,63,0,0
BRDA:628,63,1,0
BRDA:634,64,0,0
BRDA:634,64,1,0
BRDA:634,64,2,0
BRDA:635,65,0,0
BRDA:635,65,1,0
BRDA:643,66,0,0
BRDA:643,66,1,0
BRDA:643,67,0,0
BRDA:643,67,1,0
BRDA:651,68,0,0
BRDA:651,68,1,0
BRDA:652,69,0,0
BRDA:652,69,1,0
BRDA:652,70,0,0
BRDA:652,70,1,0
BRDA:657,71,0,0
BRDA:657,71,1,0
BRDA:658,72,0,0
BRDA:658,72,1,0
BRDA:669,73,0,0
BRDA:669,73,1,0
BRDA:673,74,0,0
BRDA:673,74,1,0
BRDA:677,75,0,0
BRDA:677,75,1,0
BRDA:681,76,0,0
BRDA:681,76,1,0
BRDA:685,77,0,0
BRDA:685,77,1,0
BRDA:689,78,0,0
BRDA:689,78,1,0
BRDA:706,79,0,0
BRDA:706,79,1,0
BRDA:713,80,0,0
BRDA:713,80,1,0
BRDA:727,81,0,0
BRDA:727,81,1,0
BRDA:731,82,0,0
BRDA:731,82,1,0
BRDA:737,83,0,0
BRDA:737,83,1,0
BRDA:743,84,0,0
BRDA:743,84,1,0
BRDA:749,85,0,0
BRDA:749,85,1,0
BRDA:771,86,0,0
BRDA:771,86,1,0
BRDA:785,87,0,0
BRDA:785,87,1,0
BRDA:806,88,0,0
BRDA:806,88,1,0
BRDA:810,89,0,0
BRDA:810,89,1,0
BRDA:816,90,0,0
BRDA:816,90,1,0
BRDA:822,91,0,0
BRDA:822,91,1,0
BRDA:826,92,0,0
BRDA:826,92,1,0
BRDA:849,93,0,0
BRDA:849,93,1,0
BRDA:853,94,0,0
BRDA:853,94,1,0
BRDA:859,95,0,0
BRDA:859,95,1,0
BRDA:867,96,0,0
BRDA:867,96,1,0
BRDA:890,97,0,0
BRDA:890,97,1,0
BRDA:894,98,0,0
BRDA:894,98,1,0
BRDA:900,99,0,0
BRDA:900,99,1,0
BRDA:905,100,0,0
BRDA:905,100,1,0
BRDA:930,101,0,0
BRDA:930,101,1,0
BRDA:959,102,0,0
BRDA:959,102,1,0
BRDA:963,103,0,0
BRDA:963,103,1,0
BRDA:976,104,0,0
BRDA:976,104,1,0
BRDA:983,105,0,0
BRDA:983,105,1,0
BRDA:1003,106,0,0
BRDA:1003,106,1,0
BRDA:1007,107,0,0
BRDA:1007,107,1,0
BRDA:1019,108,0,0
BRDA:1019,108,1,0
BRDA:1024,109,0,0
BRDA:1024,109,1,0
BRDA:1027,110,0,0
BRDA:1027,110,1,0
BRDA:1027,111,0,0
BRDA:1027,111,1,0
BRDA:1034,112,0,0
BRDA:1034,112,1,0
BRDA:1054,113,0,0
BRDA:1054,113,1,0
BRDA:1058,114,0,0
BRDA:1058,114,1,0
BRDA:1066,115,0,0
BRDA:1066,115,1,0
BRDA:1090,116,0,0
BRDA:1090,116,1,0
BRDA:1094,117,0,0
BRDA:1094,117,1,0
BRDA:1100,118,0,0
BRDA:1100,118,1,0
BRDA:1113,119,0,0
BRDA:1113,119,1,0
BRDA:1118,120,0,0
BRDA:1118,120,1,0
BRDA:1152,121,0,0
BRDA:1152,121,1,0
BRDA:1156,122,0,0
BRDA:1156,122,1,0
BRDA:1162,123,0,0
BRDA:1162,123,1,0
BRDA:1168,124,0,0
BRDA:1168,124,1,0
BRDA:1168,125,0,0
BRDA:1168,125,1,0
BRDA:1172,126,0,0
BRDA:1172,126,1,0
BRDA:1181,127,0,0
BRDA:1181,127,1,0
BRDA:1196,128,0,0
BRDA:1196,128,1,0
BRDA:1215,129,0,0
BRDA:1215,129,1,0
BRDA:1219,130,0,0
BRDA:1219,130,1,0
BRDA:1225,131,0,0
BRDA:1225,131,1,0
BRDA:1236,132,0,0
BRDA:1236,132,1,0
BRDA:1241,133,0,0
BRDA:1241,133,1,0
BRDA:1242,134,0,0
BRDA:1242,134,1,0
BRDA:1249,135,0,0
BRDA:1249,135,1,0
BRDA:1254,136,0,0
BRDA:1254,136,1,0
BRDA:1269,137,0,0
BRDA:1269,137,1,0
BRDA:1297,138,0,0
BRDA:1297,138,1,0
BRDA:1301,139,0,0
BRDA:1301,139,1,0
BRDA:1307,140,0,0
BRDA:1307,140,1,0
BRDA:1315,141,0,0
BRDA:1315,141,1,0
BRF:287
BRH:0
end_of_record
TN:
SF:src/routes/bordro-import.js
FN:36,(anonymous_0)
FN:37,(anonymous_1)
FN:46,(anonymous_2)
FN:61,(anonymous_3)
FN:88,(anonymous_4)
FN:102,(anonymous_5)
FN:125,(anonymous_6)
FN:163,(anonymous_7)
FN:176,(anonymous_8)
FN:213,(anonymous_9)
FN:245,(anonymous_10)
FN:263,(anonymous_11)
FN:290,(anonymous_12)
FN:331,(anonymous_13)
FN:345,(anonymous_14)
FN:364,(anonymous_15)
FN:396,(anonymous_16)
FN:409,(anonymous_17)
FN:438,(anonymous_18)
FN:454,(anonymous_19)
FNF:20
FNH:0
FNDA:0,(anonymous_0)
FNDA:0,(anonymous_1)
FNDA:0,(anonymous_2)
FNDA:0,(anonymous_3)
FNDA:0,(anonymous_4)
FNDA:0,(anonymous_5)
FNDA:0,(anonymous_6)
FNDA:0,(anonymous_7)
FNDA:0,(anonymous_8)
FNDA:0,(anonymous_9)
FNDA:0,(anonymous_10)
FNDA:0,(anonymous_11)
FNDA:0,(anonymous_12)
FNDA:0,(anonymous_13)
FNDA:0,(anonymous_14)
FNDA:0,(anonymous_15)
FNDA:0,(anonymous_16)
FNDA:0,(anonymous_17)
FNDA:0,(anonymous_18)
FNDA:0,(anonymous_19)
DA:23,0
DA:24,0
DA:26,0
DA:29,0
DA:30,0
DA:31,0
DA:35,0
DA:36,0
DA:38,0
DA:39,0
DA:43,0
DA:47,0
DA:48,0
DA:49,0
DA:50,0
DA:52,0
DA:61,0
DA:62,0
DA:63,0
DA:77,0
DA:78,0
DA:80,0
DA:88,0
DA:89,0
DA:90,0
DA:91,0
DA:92,0
DA:94,0
DA:102,0
DA:103,0
DA:104,0
DA:105,0
DA:111,0
DA:116,0
DA:125,0
DA:126,0
DA:127,0
DA:128,0
DA:131,0
DA:133,0
DA:134,0
DA:137,0
DA:149,0
DA:150,0
DA:152,0
DA:154,0
DA:163,0
DA:164,0
DA:165,0
DA:167,0
DA:168,0
DA:171,0
DA:172,0
DA:176,0
DA:179,0
DA:188,0
DA:189,0
DA:199,0
DA:200,0
DA:203,0
DA:205,0
DA:213,0
DA:214,0
DA:215,0
DA:217,0
DA:218,0
DA:222,0
DA:229,0
DA:231,0
DA:232,0
DA:234,0
DA:237,0
DA:245,0
DA:246,0
DA:247,0
DA:249,0
DA:250,0
DA:253,0
DA:255,0
DA:263,0
DA:264,0
DA:265,0
DA:267,0
DA:273,0
DA:274,0
DA:280,0
DA:282,0
DA:290,0
DA:291,0
DA:292,0
DA:294,0
DA:311,0
DA:317,0
DA:319,0
DA:331,0
DA:332,0
DA:333,0
DA:334,0
DA:335,0
DA:337,0
DA:345,0
DA:346,0
DA:347,0
DA:348,0
DA:350,0
DA:351,0
DA:354,0
DA:356,0
DA:364,0
DA:365,0
DA:366,0
DA:368,0
DA:369,0
DA:372,0
DA:373,0
DA:376,0
DA:386,0
DA:388,0
DA:396,0
DA:397,0
DA:398,0
DA:399,0
DA:401,0
DA:402,0
DA:403,0
DA:404,0
DA:405,0
DA:406,0
DA:408,0
DA:409,0
DA:412,0
DA:413,0
DA:415,0
DA:422,0
DA:424,0
DA:425,0
DA:428,0
DA:430,0
DA:438,0
DA:439,0
DA:440,0
DA:442,0
DA:444,0
DA:446,0
DA:454,0
DA:455,0
DA:456,0
DA:458,0
DA:459,0
DA:462,0
DA:463,0
DA:468,0
DA:478,0
DA:480,0
LF:154
LH:0
BRDA:30,0,0,0
BRDA:30,0,1,0
BRDA:49,1,0,0
BRDA:49,1,1,0
BRDA:106,2,0,0
BRDA:106,2,1,0
BRDA:112,3,0,0
BRDA:112,3,1,0
BRDA:113,4,0,0
BRDA:113,4,1,0
BRDA:127,5,0,0
BRDA:127,5,1,0
BRDA:133,6,0,0
BRDA:133,6,1,0
BRDA:133,7,0,0
BRDA:133,7,1,0
BRDA:139,8,0,0
BRDA:139,8,1,0
BRDA:143,9,0,0
BRDA:143,9,1,0
BRDA:144,10,0,0
BRDA:144,10,1,0
BRDA:167,11,0,0
BRDA:167,11,1,0
BRDA:167,12,0,0
BRDA:167,12,1,0
BRDA:167,12,2,0
BRDA:171,13,0,0
BRDA:171,13,1,0
BRDA:171,14,0,0
BRDA:171,14,1,0
BRDA:181,15,0,0
BRDA:181,15,1,0
BRDA:188,16,0,0
BRDA:188,16,1,0
BRDA:191,17,0,0
BRDA:191,17,1,0
BRDA:199,18,0,0
BRDA:199,18,1,0
BRDA:199,19,0,0
BRDA:199,19,1,0
BRDA:217,20,0,0
BRDA:217,20,1,0
BRDA:229,21,0,0
BRDA:229,21,1,0
BRDA:231,22,0,0
BRDA:231,22,1,0
BRDA:234,23,0,0
BRDA:234,23,1,0
BRDA:249,24,0,0
BRDA:249,24,1,0
BRDA:249,25,0,0
BRDA:249,25,1,0
BRDA:268,26,0,0
BRDA:268,26,1,0
BRDA:273,27,0,0
BRDA:273,27,1,0
BRDA:312,28,0,0
BRDA:312,28,1,0
BRDA:317,29,0,0
BRDA:317,29,1,0
BRDA:334,30,0,0
BRDA:334,30,1,0
BRDA:350,31,0,0
BRDA:350,31,1,0
BRDA:368,32,0,0
BRDA:368,32,1,0
BRDA:372,33,0,0
BRDA:372,33,1,0
BRDA:372,34,0,0
BRDA:372,34,1,0
BRDA:379,35,0,0
BRDA:379,35,1,0
BRDA:381,36,0,0
BRDA:381,36,1,0
BRDA:382,37,0,0
BRDA:382,37,1,0
BRDA:402,38,0,0
BRDA:402,38,1,0
BRDA:403,39,0,0
BRDA:403,39,1,0
BRDA:404,40,0,0
BRDA:404,40,1,0
BRDA:405,41,0,0
BRDA:405,41,1,0
BRDA:406,42,0,0
BRDA:406,42,1,0
BRDA:424,43,0,0
BRDA:424,43,1,0
BRDA:458,44,0,0
BRDA:458,44,1,0
BRDA:462,45,0,0
BRDA:462,45,1,0
BRDA:462,46,0,0
BRDA:462,46,1,0
BRDA:470,47,0,0
BRDA:470,47,1,0
BRDA:471,48,0,0
BRDA:471,48,1,0
BRDA:475,49,0,0
BRDA:475,49,1,0
BRF:101
BRH:0
end_of_record
TN:
SF:src/routes/bordro.js
FN:29,nettenBrutHesapla
FN:69,hesaplaGelirVergisiSync
FN:105,hesaplaGelirVergisi
FN:161,hesaplaAGI
FN:201,_hesaplaEngelliIndirimi
FN:214,(anonymous_5)
FN:295,(anonymous_6)
FN:446,(anonymous_7)
FN:537,(anonymous_8)
FN:708,(anonymous_9)
FN:749,(anonymous_10)
FN:782,(anonymous_11)
FN:813,(anonymous_12)
FN:846,(anonymous_13)
FN:882,(anonymous_14)
FN:900,(anonymous_15)
FNF:16
FNH:0
FNDA:0,nettenBrutHesapla
FNDA:0,hesaplaGelirVergisiSync
FNDA:0,hesaplaGelirVergisi
FNDA:0,hesaplaAGI
FNDA:0,_hesaplaEngelliIndirimi
FNDA:0,(anonymous_5)
FNDA:0,(anonymous_6)
FNDA:0,(anonymous_7)
FNDA:0,(anonymous_8)
FNDA:0,(anonymous_9)
FNDA:0,(anonymous_10)
FNDA:0,(anonymous_11)
FNDA:0,(anonymous_12)
FNDA:0,(anonymous_13)
FNDA:0,(anonymous_14)
FNDA:0,(anonymous_15)
DA:4,0
DA:9,0
DA:22,0
DA:31,0
DA:34,0
DA:35,0
DA:36,0
DA:37,0
DA:39,0
DA:41,0
DA:42,0
DA:43,0
DA:44,0
DA:46,0
DA:47,0
DA:49,0
DA:50,0
DA:52,0
DA:54,0
DA:56,0
DA:57,0
DA:61,0
DA:62,0
DA:65,0
DA:71,0
DA:79,0
DA:80,0
DA:81,0
DA:83,0
DA:84,0
DA:86,0
DA:87,0
DA:88,0
DA:90,0
DA:92,0
DA:93,0
DA:95,0
DA:96,0
DA:97,0
DA:101,0
DA:107,0
DA:115,0
DA:118,0
DA:119,0
DA:129,0
DA:131,0
DA:132,0
DA:134,0
DA:135,0
DA:137,0
DA:138,0
DA:139,0
DA:142,0
DA:144,0
DA:148,0
DA:149,0
DA:151,0
DA:152,0
DA:153,0
DA:157,0
DA:163,0
DA:164,0
DA:166,0
DA:173,0
DA:174,0
DA:175,0
DA:179,0
DA:181,0
DA:182,0
DA:183,0
DA:185,0
DA:190,0
DA:191,0
DA:192,0
DA:195,0
DA:197,0
DA:203,0
DA:208,0
DA:214,0
DA:215,0
DA:223,0
DA:225,0
DA:226,0
DA:229,0
DA:232,0
DA:242,0
DA:245,0
DA:246,0
DA:248,0
DA:249,0
DA:250,0
DA:253,0
DA:254,0
DA:255,0
DA:258,0
DA:261,0
DA:264,0
DA:265,0
DA:266,0
DA:269,0
DA:271,0
DA:286,0
DA:288,0
DA:295,0
DA:296,0
DA:310,0
DA:312,0
DA:313,0
DA:317,0
DA:324,0
DA:325,0
DA:328,0
DA:331,0
DA:332,0
DA:336,0
DA:345,0
DA:346,0
DA:349,0
DA:350,0
DA:351,0
DA:354,0
DA:357,0
DA:366,0
DA:367,0
DA:370,0
DA:373,0
DA:376,0
DA:384,0
DA:387,0
DA:388,0
DA:389,0
DA:392,0
DA:394,0
DA:437,0
DA:439,0
DA:446,0
DA:447,0
DA:448,0
DA:450,0
DA:528,0
DA:530,0
DA:537,0
DA:538,0
DA:539,0
DA:541,0
DA:542,0
DA:546,0
DA:550,0
DA:552,0
DA:553,0
DA:554,0
DA:557,0
DA:558,0
DA:559,0
DA:561,0
DA:562,0
DA:564,0
DA:572,0
DA:573,0
DA:577,0
DA:578,0
DA:579,0
DA:580,0
DA:584,0
DA:592,0
DA:595,0
DA:605,0
DA:606,0
DA:608,0
DA:610,0
DA:611,0
DA:613,0
DA:614,0
DA:615,0
DA:617,0
DA:618,0
DA:620,0
DA:621,0
DA:622,0
DA:630,0
DA:632,0
DA:633,0
DA:634,0
DA:635,0
DA:638,0
DA:687,0
DA:692,0
DA:696,0
DA:701,0
DA:708,0
DA:709,0
DA:710,0
DA:712,0
DA:718,0
DA:719,0
DA:721,0
DA:722,0
DA:723,0
DA:724,0
DA:726,0
DA:727,0
DA:728,0
DA:729,0
DA:731,0
DA:732,0
DA:733,0
DA:734,0
DA:737,0
DA:739,0
DA:740,0
DA:742,0
DA:749,0
DA:750,0
DA:751,0
DA:753,0
DA:773,0
DA:775,0
DA:782,0
DA:783,0
DA:784,0
DA:785,0
DA:787,0
DA:800,0
DA:801,0
DA:804,0
DA:806,0
DA:813,0
DA:814,0
DA:815,0
DA:817,0
DA:818,0
DA:821,0
DA:834,0
DA:839,0
DA:846,0
DA:847,0
DA:848,0
DA:850,0
DA:851,0
DA:854,0
DA:855,0
DA:860,0
DA:861,0
DA:862,0
DA:866,0
DA:868,0
DA:870,0
DA:875,0
DA:882,0
DA:883,0
DA:884,0
DA:885,0
DA:891,0
DA:893,0
DA:900,0
DA:901,0
DA:902,0
DA:903,0
DA:909,0
DA:911,0
LF:260
LH:0
BRDA:56,0,0,0
BRDA:56,0,1,0
BRDA:84,1,0,0
BRDA:84,1,1,0
BRDA:90,2,0,0
BRDA:90,2,1,0
BRDA:95,3,0,0
BRDA:95,3,1,0
BRDA:118,4,0,0
BRDA:118,4,1,0
BRDA:135,5,0,0
BRDA:135,5,1,0
BRDA:138,6,0,0
BRDA:138,6,1,0
BRDA:142,7,0,0
BRDA:142,7,1,0
BRDA:151,8,0,0
BRDA:151,8,1,0
BRDA:164,9,0,0
BRDA:164,9,1,0
BRDA:174,10,0,0
BRDA:174,10,1,0
BRDA:181,11,0,0
BRDA:181,11,1,0
BRDA:182,12,0,0
BRDA:182,12,1,0
BRDA:190,13,0,0
BRDA:190,13,1,0
BRDA:191,14,0,0
BRDA:191,14,1,0
BRDA:192,15,0,0
BRDA:192,15,1,0
BRDA:208,16,0,0
BRDA:208,16,1,0
BRDA:218,17,0,0
BRDA:219,18,0,0
BRDA:220,19,0,0
BRDA:221,20,0,0
BRDA:222,21,0,0
BRDA:225,22,0,0
BRDA:225,22,1,0
BRDA:225,23,0,0
BRDA:225,23,1,0
BRDA:242,24,0,0
BRDA:242,24,1,0
BRDA:242,25,0,0
BRDA:242,25,1,0
BRDA:302,26,0,0
BRDA:303,27,0,0
BRDA:304,28,0,0
BRDA:305,29,0,0
BRDA:306,30,0,0
BRDA:307,31,0,0
BRDA:308,32,0,0
BRDA:309,33,0,0
BRDA:312,34,0,0
BRDA:312,34,1,0
BRDA:312,35,0,0
BRDA:312,35,1,0
BRDA:312,35,2,0
BRDA:312,35,3,0
BRDA:324,36,0,0
BRDA:324,36,1,0
BRDA:366,37,0,0
BRDA:366,37,1,0
BRDA:377,38,0,0
BRDA:377,38,1,0
BRDA:378,39,0,0
BRDA:378,39,1,0
BRDA:379,40,0,0
BRDA:379,40,1,0
BRDA:541,41,0,0
BRDA:541,41,1,0
BRDA:541,42,0,0
BRDA:541,42,1,0
BRDA:552,43,0,0
BRDA:552,43,1,0
BRDA:572,44,0,0
BRDA:572,44,1,0
BRDA:577,45,0,0
BRDA:577,45,1,0
BRDA:578,46,0,0
BRDA:578,46,1,0
BRDA:592,47,0,0
BRDA:592,47,1,0
BRDA:597,48,0,0
BRDA:597,48,1,0
BRDA:598,49,0,0
BRDA:598,49,1,0
BRDA:599,50,0,0
BRDA:599,50,1,0
BRDA:605,51,0,0
BRDA:605,51,1,0
BRDA:606,52,0,0
BRDA:606,52,1,0
BRDA:623,53,0,0
BRDA:623,53,1,0
BRDA:624,54,0,0
BRDA:624,54,1,0
BRDA:625,55,0,0
BRDA:625,55,1,0
BRDA:721,56,0,0
BRDA:721,56,1,0
BRDA:726,57,0,0
BRDA:726,57,1,0
BRDA:731,58,0,0
BRDA:731,58,1,0
BRDA:797,59,0,0
BRDA:797,59,1,0
BRDA:800,60,0,0
BRDA:800,60,1,0
BRDA:817,61,0,0
BRDA:817,61,1,0
BRDA:817,62,0,0
BRDA:817,62,1,0
BRDA:831,63,0,0
BRDA:831,63,1,0
BRDA:850,64,0,0
BRDA:850,64,1,0
BRDA:850,65,0,0
BRDA:850,65,1,0
BRDA:860,66,0,0
BRDA:860,66,1,0
BRDA:860,67,0,0
BRDA:860,67,1,0
BRDA:860,67,2,0
BRF:126
BRH:0
end_of_record
TN:
SF:src/routes/cariler.js
FN:60,(anonymous_0)
FN:149,(anonymous_1)
FN:190,(anonymous_2)
FN:287,(anonymous_3)
FN:304,(anonymous_4)
FN:348,(anonymous_5)
FN:416,(anonymous_6)
FN:481,(anonymous_7)
FN:510,(anonymous_8)
FN:559,(anonymous_9)
FN:560,(anonymous_10)
FNF:11
FNH:0
FNDA:0,(anonymous_0)
FNDA:0,(anonymous_1)
FNDA:0,(anonymous_2)
FNDA:0,(anonymous_3)
FNDA:0,(anonymous_4)
FNDA:0,(anonymous_5)
FNDA:0,(anonymous_6)
FNDA:0,(anonymous_7)
FNDA:0,(anonymous_8)
FNDA:0,(anonymous_9)
FNDA:0,(anonymous_10)
DA:13,0
DA:60,0
DA:61,0
DA:62,0
DA:65,0
DA:66,0
DA:67,0
DA:70,0
DA:71,0
DA:72,0
DA:74,0
DA:75,0
DA:76,0
DA:77,0
DA:80,0
DA:81,0
DA:82,0
DA:83,0
DA:87,0
DA:88,0
DA:94,0
DA:95,0
DA:99,0
DA:100,0
DA:101,0
DA:102,0
DA:105,0
DA:111,0
DA:113,0
DA:115,0
DA:126,0
DA:127,0
DA:149,0
DA:150,0
DA:151,0
DA:153,0
DA:155,0
DA:156,0
DA:159,0
DA:164,0
DA:165,0
DA:190,0
DA:191,0
DA:210,0
DA:212,0
DA:213,0
DA:218,0
DA:249,0
DA:251,0
DA:257,0
DA:259,0
DA:260,0
DA:265,0
DA:287,0
DA:288,0
DA:289,0
DA:290,0
DA:292,0
DA:293,0
DA:294,0
DA:295,0
DA:297,0
DA:298,0
DA:303,0
DA:304,0
DA:307,0
DA:309,0
DA:315,0
DA:316,0
DA:319,0
DA:321,0
DA:327,0
DA:328,0
DA:348,0
DA:349,0
DA:350,0
DA:351,0
DA:353,0
DA:371,0
DA:372,0
DA:374,0
DA:375,0
DA:376,0
DA:377,0
DA:380,0
DA:381,0
DA:382,0
DA:383,0
DA:386,0
DA:387,0
DA:388,0
DA:389,0
DA:392,0
DA:394,0
DA:396,0
DA:401,0
DA:402,0
DA:416,0
DA:417,0
DA:418,0
DA:419,0
DA:421,0
DA:446,0
DA:448,0
DA:449,0
DA:450,0
DA:453,0
DA:459,0
DA:461,0
DA:466,0
DA:467,0
DA:481,0
DA:482,0
DA:483,0
DA:485,0
DA:487,0
DA:488,0
DA:491,0
DA:493,0
DA:498,0
DA:499,0
DA:510,0
DA:511,0
DA:512,0
DA:513,0
DA:515,0
DA:517,0
DA:518,0
DA:521,0
DA:542,0
DA:544,0
DA:545,0
DA:546,0
DA:549,0
DA:550,0
DA:551,0
DA:552,0
DA:555,0
DA:557,0
DA:559,0
DA:560,0
DA:561,0
DA:563,0
DA:576,0
DA:577,0
LF:145
LH:0
BRDA:62,0,0,0
BRDA:62,1,0,0
BRDA:62,2,0,0
BRDA:65,3,0,0
BRDA:65,3,1,0
BRDA:66,4,0,0
BRDA:66,4,1,0
BRDA:74,5,0,0
BRDA:74,5,1,0
BRDA:76,6,0,0
BRDA:76,6,1,0
BRDA:80,7,0,0
BRDA:80,7,1,0
BRDA:87,8,0,0
BRDA:87,8,1,0
BRDA:155,9,0,0
BRDA:155,9,1,0
BRDA:203,10,0,0
BRDA:204,11,0,0
BRDA:205,12,0,0
BRDA:212,13,0,0
BRDA:212,13,1,0
BRDA:212,14,0,0
BRDA:212,14,1,0
BRDA:259,15,0,0
BRDA:259,15,1,0
BRDA:297,16,0,0
BRDA:297,16,1,0
BRDA:315,17,0,0
BRDA:315,17,1,0
BRDA:374,18,0,0
BRDA:374,18,1,0
BRDA:380,19,0,0
BRDA:380,19,1,0
BRDA:386,20,0,0
BRDA:386,20,1,0
BRDA:386,21,0,0
BRDA:386,21,1,0
BRDA:448,22,0,0
BRDA:448,22,1,0
BRDA:487,23,0,0
BRDA:487,23,1,0
BRDA:517,24,0,0
BRDA:517,24,1,0
BRDA:544,25,0,0
BRDA:544,25,1,0
BRDA:549,26,0,0
BRDA:549,26,1,0
BRDA:550,27,0,0
BRDA:550,27,1,0
BRDA:559,28,0,0
BRDA:559,28,1,0
BRDA:560,29,0,0
BRDA:560,29,1,0
BRF:54
BRH:0
end_of_record
TN:
SF:src/routes/content-extractor.js
FN:21,(anonymous_0)
FN:100,(anonymous_1)
FN:127,(anonymous_2)
FN:130,(anonymous_3)
FN:131,(anonymous_4)
FN:158,(anonymous_5)
FNF:6
FNH:0
FNDA:0,(anonymous_0)
FNDA:0,(anonymous_1)
FNDA:0,(anonymous_2)
FNDA:0,(anonymous_3)
FNDA:0,(anonymous_4)
FNDA:0,(anonymous_5)
DA:7,0
DA:8,0
DA:11,0
DA:12,0
DA:14,0
DA:21,0
DA:22,0
DA:23,0
DA:26,0
DA:31,0
DA:32,0
DA:35,0
DA:37,0
DA:38,0
DA:44,0
DA:47,0
DA:48,0
DA:50,0
DA:51,0
DA:53,0
DA:56,0
DA:57,0
DA:59,0
DA:60,0
DA:62,0
DA:68,0
DA:70,0
DA:71,0
DA:74,0
DA:80,0
DA:81,0
DA:89,0
DA:91,0
DA:100,0
DA:101,0
DA:102,0
DA:105,0
DA:107,0
DA:108,0
DA:111,0
DA:113,0
DA:114,0
DA:119,0
DA:122,0
DA:124,0
DA:126,0
DA:127,0
DA:130,0
DA:131,0
DA:132,0
DA:133,0
DA:135,0
DA:139,0
DA:140,0
DA:143,0
DA:144,0
DA:146,0
DA:147,0
DA:148,0
DA:150,0
DA:158,0
DA:159,0
DA:160,0
DA:162,0
DA:176,0
DA:177,0
DA:180,0
DA:182,0
LF:68
LH:0
BRDA:31,0,0,0
BRDA:31,0,1,0
BRDA:37,1,0,0
BRDA:37,1,1,0
BRDA:65,2,0,0
BRDA:65,2,1,0
BRDA:66,3,0,0
BRDA:66,3,1,0
BRDA:67,4,0,0
BRDA:67,4,1,0
BRDA:107,5,0,0
BRDA:107,5,1,0
BRDA:113,6,0,0
BRDA:113,6,1,0
BRDA:124,7,0,0
BRDA:124,7,1,0
BRDA:124,8,0,0
BRDA:124,8,1,0
BRDA:132,9,0,0
BRDA:132,9,1,0
BRDA:176,10,0,0
BRDA:176,10,1,0
BRF:22
BRH:0
end_of_record
TN:
SF:src/routes/database-stats.js
FN:7,(anonymous_0)
FN:17,(anonymous_1)
FN:72,(anonymous_2)
FN:98,(anonymous_3)
FN:187,(anonymous_4)
FNF:5
FNH:0
FNDA:0,(anonymous_0)
FNDA:0,(anonymous_1)
FNDA:0,(anonymous_2)
FNDA:0,(anonymous_3)
FNDA:0,(anonymous_4)
DA:4,0
DA:7,0
DA:8,0
DA:9,0
DA:10,0
DA:12,0
DA:17,0
DA:18,0
DA:20,0
DA:30,0
DA:41,0
DA:49,0
DA:67,0
DA:72,0
DA:73,0
DA:75,0
DA:77,0
DA:79,0
DA:90,0
DA:91,0
DA:92,0
DA:93,0
DA:98,0
DA:101,0
DA:111,0
DA:124,0
DA:127,0
DA:130,0
DA:133,0
DA:138,0
DA:153,0
DA:155,0
DA:182,0
DA:187,0
DA:188,0
DA:190,0
DA:192,0
DA:193,0
DA:194,0
DA:197,0
DA:198,0
DA:199,0
DA:200,0
DA:201,0
DA:203,0
DA:204,0
DA:205,0
DA:207,0
DA:218,0
DA:236,0
LF:50
LH:0
BRDA:7,0,0,0
BRDA:53,1,0,0
BRDA:53,1,1,0
BRDA:54,2,0,0
BRDA:54,2,1,0
BRDA:57,3,0,0
BRDA:57,3,1,0
BRDA:58,4,0,0
BRDA:58,4,1,0
BRDA:61,5,0,0
BRDA:61,5,1,0
BRDA:62,6,0,0
BRDA:62,6,1,0
BRDA:92,7,0,0
BRDA:92,7,1,0
BRDA:93,8,0,0
BRDA:93,8,1,0
BRDA:160,9,0,0
BRDA:160,9,1,0
BRDA:161,10,0,0
BRDA:161,10,1,0
BRDA:164,11,0,0
BRDA:164,11,1,0
BRDA:165,12,0,0
BRDA:165,12,1,0
BRDA:166,13,0,0
BRDA:166,13,1,0
BRDA:169,14,0,0
BRDA:169,14,1,0
BRDA:170,15,0,0
BRDA:170,15,1,0
BRDA:171,16,0,0
BRDA:171,16,1,0
BRDA:172,17,0,0
BRDA:172,17,1,0
BRDA:174,18,0,0
BRDA:174,18,1,0
BRF:37
BRH:0
end_of_record
TN:
SF:src/routes/demirbas.js
FN:11,(anonymous_0)
FN:30,(anonymous_1)
FN:54,(anonymous_2)
FN:73,(anonymous_3)
FN:93,(anonymous_4)
FN:127,(anonymous_5)
FN:170,(anonymous_6)
FN:271,(anonymous_7)
FN:294,(anonymous_8)
FN:326,(anonymous_9)
FN:422,(anonymous_10)
FN:499,(anonymous_11)
FN:611,(anonymous_12)
FN:690,(anonymous_13)
FN:714,(anonymous_14)
FN:760,(anonymous_15)
FN:806,(anonymous_16)
FN:864,(anonymous_17)
FN:921,(anonymous_18)
FN:962,(anonymous_19)
FN:1006,(anonymous_20)
FNF:21
FNH:0
FNDA:0,(anonymous_0)
FNDA:0,(anonymous_1)
FNDA:0,(anonymous_2)
FNDA:0,(anonymous_3)
FNDA:0,(anonymous_4)
FNDA:0,(anonymous_5)
FNDA:0,(anonymous_6)
FNDA:0,(anonymous_7)
FNDA:0,(anonymous_8)
FNDA:0,(anonymous_9)
FNDA:0,(anonymous_10)
FNDA:0,(anonymous_11)
FNDA:0,(anonymous_12)
FNDA:0,(anonymous_13)
FNDA:0,(anonymous_14)
FNDA:0,(anonymous_15)
FNDA:0,(anonymous_16)
FNDA:0,(anonymous_17)
FNDA:0,(anonymous_18)
FNDA:0,(anonymous_19)
FNDA:0,(anonymous_20)
DA:4,0
DA:11,0
DA:12,0
DA:13,0
DA:23,0
DA:25,0
DA:30,0
DA:31,0
DA:32,0
DA:34,0
DA:43,0
DA:45,0
DA:54,0
DA:55,0
DA:56,0
DA:66,0
DA:68,0
DA:73,0
DA:74,0
DA:75,0
DA:77,0
DA:86,0
DA:88,0
DA:93,0
DA:94,0
DA:95,0
DA:96,0
DA:98,0
DA:116,0
DA:117,0
DA:120,0
DA:122,0
DA:127,0
DA:128,0
DA:129,0
DA:132,0
DA:139,0
DA:140,0
DA:146,0
DA:156,0
DA:157,0
DA:160,0
DA:162,0
DA:170,0
DA:171,0
DA:173,0
DA:188,0
DA:209,0
DA:232,0
DA:252,0
DA:262,0
DA:271,0
DA:272,0
DA:273,0
DA:275,0
DA:276,0
DA:279,0
DA:287,0
DA:289,0
DA:294,0
DA:295,0
DA:296,0
DA:298,0
DA:299,0
DA:302,0
DA:303,0
DA:304,0
DA:305,0
DA:315,0
DA:317,0
DA:326,0
DA:327,0
DA:328,0
DA:330,0
DA:331,0
DA:332,0
DA:334,0
DA:335,0
DA:336,0
DA:339,0
DA:340,0
DA:341,0
DA:344,0
DA:345,0
DA:346,0
DA:349,0
DA:350,0
DA:351,0
DA:352,0
DA:355,0
DA:356,0
DA:363,0
DA:364,0
DA:367,0
DA:368,0
DA:370,0
DA:402,0
DA:411,0
DA:417,0
DA:422,0
DA:423,0
DA:424,0
DA:427,0
DA:449,0
DA:450,0
DA:454,0
DA:475,0
DA:485,0
DA:494,0
DA:499,0
DA:500,0
DA:526,0
DA:529,0
DA:530,0
DA:531,0
DA:532,0
DA:538,0
DA:539,0
DA:543,0
DA:544,0
DA:545,0
DA:546,0
DA:547,0
DA:550,0
DA:596,0
DA:604,0
DA:606,0
DA:611,0
DA:612,0
DA:613,0
DA:633,0
DA:635,0
DA:683,0
DA:685,0
DA:690,0
DA:691,0
DA:692,0
DA:695,0
DA:703,0
DA:705,0
DA:714,0
DA:715,0
DA:716,0
DA:717,0
DA:720,0
DA:721,0
DA:722,0
DA:725,0
DA:728,0
DA:729,0
DA:736,0
DA:745,0
DA:753,0
DA:755,0
DA:760,0
DA:761,0
DA:762,0
DA:763,0
DA:766,0
DA:767,0
DA:768,0
DA:771,0
DA:773,0
DA:774,0
DA:778,0
DA:788,0
DA:799,0
DA:801,0
DA:806,0
DA:807,0
DA:808,0
DA:809,0
DA:811,0
DA:812,0
DA:813,0
DA:816,0
DA:818,0
DA:819,0
DA:823,0
DA:833,0
DA:842,0
DA:853,0
DA:855,0
DA:864,0
DA:865,0
DA:866,0
DA:877,0
DA:880,0
DA:904,0
DA:914,0
DA:916,0
DA:921,0
DA:922,0
DA:923,0
DA:924,0
DA:927,0
DA:942,0
DA:952,0
DA:954,0
DA:962,0
DA:963,0
DA:964,0
DA:965,0
DA:967,0
DA:968,0
DA:969,0
DA:972,0
DA:975,0
DA:987,0
DA:988,0
DA:996,0
DA:998,0
DA:1006,0
DA:1007,0
DA:1008,0
DA:1009,0
DA:1011,0
DA:1013,0
DA:1023,0
DA:1025,0
LF:220
LH:0
BRDA:40,0,0,0
BRDA:40,0,1,0
BRDA:40,1,0,0
BRDA:40,1,1,0
BRDA:40,2,0,0
BRDA:40,2,1,0
BRDA:40,3,0,0
BRDA:40,3,1,0
BRDA:83,4,0,0
BRDA:83,4,1,0
BRDA:116,5,0,0
BRDA:116,5,1,0
BRDA:139,6,0,0
BRDA:139,6,1,0
BRDA:156,7,0,0
BRDA:156,7,1,0
BRDA:275,8,0,0
BRDA:275,8,1,0
BRDA:275,9,0,0
BRDA:275,9,1,0
BRDA:275,9,2,0
BRDA:298,10,0,0
BRDA:298,10,1,0
BRDA:298,11,0,0
BRDA:298,11,1,0
BRDA:298,11,2,0
BRDA:304,12,0,0
BRDA:304,12,1,0
BRDA:310,13,0,0
BRDA:310,13,1,0
BRDA:328,14,0,0
BRDA:328,15,0,0
BRDA:334,16,0,0
BRDA:334,16,1,0
BRDA:339,17,0,0
BRDA:339,17,1,0
BRDA:344,18,0,0
BRDA:344,18,1,0
BRDA:349,19,0,0
BRDA:349,19,1,0
BRDA:351,20,0,0
BRDA:351,20,1,0
BRDA:355,21,0,0
BRDA:355,21,1,0
BRDA:414,22,0,0
BRDA:414,22,1,0
BRDA:449,23,0,0
BRDA:449,23,1,0
BRDA:530,24,0,0
BRDA:530,24,1,0
BRDA:544,25,0,0
BRDA:544,25,1,0
BRDA:544,26,0,0
BRDA:544,26,1,0
BRDA:544,26,2,0
BRDA:576,27,0,0
BRDA:576,27,1,0
BRDA:582,28,0,0
BRDA:582,28,1,0
BRDA:583,29,0,0
BRDA:583,29,1,0
BRDA:584,30,0,0
BRDA:584,30,1,0
BRDA:587,31,0,0
BRDA:587,31,1,0
BRDA:601,32,0,0
BRDA:601,32,1,0
BRDA:674,33,0,0
BRDA:674,33,1,0
BRDA:721,34,0,0
BRDA:721,34,1,0
BRDA:728,35,0,0
BRDA:728,35,1,0
BRDA:741,36,0,0
BRDA:741,36,1,0
BRDA:750,37,0,0
BRDA:750,37,1,0
BRDA:750,38,0,0
BRDA:750,38,1,0
BRDA:767,39,0,0
BRDA:767,39,1,0
BRDA:773,40,0,0
BRDA:773,40,1,0
BRDA:784,41,0,0
BRDA:784,41,1,0
BRDA:796,42,0,0
BRDA:796,42,1,0
BRDA:796,43,0,0
BRDA:796,43,1,0
BRDA:812,44,0,0
BRDA:812,44,1,0
BRDA:818,45,0,0
BRDA:818,45,1,0
BRDA:829,46,0,0
BRDA:829,46,1,0
BRDA:838,47,0,0
BRDA:838,47,1,0
BRDA:850,48,0,0
BRDA:850,48,1,0
BRDA:850,49,0,0
BRDA:850,49,1,0
BRDA:896,50,0,0
BRDA:896,50,1,0
BRDA:898,51,0,0
BRDA:898,51,1,0
BRDA:899,52,0,0
BRDA:899,52,1,0
BRDA:911,53,0,0
BRDA:911,53,1,0
BRDA:938,54,0,0
BRDA:938,54,1,0
BRDA:938,55,0,0
BRDA:938,55,1,0
BRDA:949,56,0,0
BRDA:949,56,1,0
BRDA:949,57,0,0
BRDA:949,57,1,0
BRDA:949,58,0,0
BRDA:949,58,1,0
BRDA:968,59,0,0
BRDA:968,59,1,0
BRDA:983,60,0,0
BRDA:983,60,1,0
BRDA:983,61,0,0
BRDA:983,61,1,0
BRDA:987,62,0,0
BRDA:987,62,1,0
BRDA:1020,63,0,0
BRDA:1020,63,1,0
BRDA:1020,64,0,0
BRDA:1020,64,1,0
BRF:131
BRH:0
end_of_record
TN:
SF:src/routes/document-proxy.js
FN:12,(anonymous_0)
FN:125,(anonymous_1)
FN:180,_getFileExtension
FN:197,getDisplayName
FN:232,(anonymous_4)
FNF:5
FNH:0
FNDA:0,(anonymous_0)
FNDA:0,(anonymous_1)
FNDA:0,_getFileExtension
FNDA:0,getDisplayName
FNDA:0,(anonymous_4)
DA:6,0
DA:12,0
DA:13,0
DA:14,0
DA:16,0
DA:19,0
DA:28,0
DA:29,0
DA:32,0
DA:33,0
DA:36,0
DA:39,0
DA:40,0
DA:41,0
DA:42,0
DA:43,0
DA:46,0
DA:48,0
DA:62,0
DA:63,0
DA:65,0
DA:66,0
DA:67,0
DA:68,0
DA:69,0
DA:73,0
DA:75,0
DA:76,0
DA:82,0
DA:85,0
DA:88,0
DA:89,0
DA:91,0
DA:92,0
DA:93,0
DA:94,0
DA:95,0
DA:96,0
DA:97,0
DA:98,0
DA:99,0
DA:103,0
DA:104,0
DA:105,0
DA:106,0
DA:109,0
DA:111,0
DA:113,0
DA:114,0
DA:125,0
DA:126,0
DA:127,0
DA:129,0
DA:138,0
DA:139,0
DA:142,0
DA:143,0
DA:146,0
DA:148,0
DA:149,0
DA:151,0
DA:152,0
DA:154,0
DA:155,0
DA:165,0
DA:172,0
DA:173,0
DA:181,0
DA:191,0
DA:198,0
DA:212,0
DA:213,0
DA:214,0
DA:218,0
DA:219,0
DA:220,0
DA:221,0
DA:225,0
DA:232,0
DA:233,0
DA:234,0
DA:237,0
DA:239,0
DA:240,0
DA:243,0
DA:246,0
DA:247,0
DA:248,0
DA:255,0
DA:258,0
DA:261,0
DA:263,0
DA:269,0
DA:270,0
LF:94
LH:0
BRDA:28,0,0,0
BRDA:28,0,1,0
BRDA:33,1,0,0
BRDA:33,1,1,0
BRDA:40,2,0,0
BRDA:40,2,1,0
BRDA:42,3,0,0
BRDA:42,3,1,0
BRDA:63,4,0,0
BRDA:63,4,1,0
BRDA:66,5,0,0
BRDA:66,5,1,0
BRDA:73,6,0,0
BRDA:73,6,1,0
BRDA:75,7,0,0
BRDA:75,7,1,0
BRDA:91,8,0,0
BRDA:91,8,1,0
BRDA:91,9,0,0
BRDA:91,9,1,0
BRDA:91,9,2,0
BRDA:94,10,0,0
BRDA:94,10,1,0
BRDA:97,11,0,0
BRDA:97,11,1,0
BRDA:138,12,0,0
BRDA:138,12,1,0
BRDA:143,13,0,0
BRDA:143,13,1,0
BRDA:149,14,0,0
BRDA:149,14,1,0
BRDA:151,15,0,0
BRDA:151,15,1,0
BRDA:152,16,0,0
BRDA:152,16,1,0
BRDA:152,17,0,0
BRDA:152,17,1,0
BRDA:154,18,0,0
BRDA:154,18,1,0
BRDA:191,19,0,0
BRDA:191,19,1,0
BRDA:212,20,0,0
BRDA:212,20,1,0
BRDA:219,21,0,0
BRDA:219,21,1,0
BRDA:225,22,0,0
BRDA:225,22,1,0
BRDA:239,23,0,0
BRDA:239,23,1,0
BRDA:247,24,0,0
BRDA:247,24,1,0
BRDA:247,25,0,0
BRDA:247,25,1,0
BRDA:265,26,0,0
BRDA:265,26,1,0
BRF:55
BRH:0
end_of_record
TN:
SF:src/routes/documents.js
FN:16,(anonymous_0)
FN:23,(anonymous_1)
FN:41,(anonymous_2)
FN:52,(anonymous_3)
FN:90,(anonymous_4)
FN:105,(anonymous_5)
FN:127,(anonymous_6)
FN:190,(anonymous_7)
FN:273,(anonymous_8)
FN:282,(anonymous_9)
FN:306,(anonymous_10)
FN:326,(anonymous_11)
FNF:12
FNH:0
FNDA:0,(anonymous_0)
FNDA:0,(anonymous_1)
FNDA:0,(anonymous_2)
FNDA:0,(anonymous_3)
FNDA:0,(anonymous_4)
FNDA:0,(anonymous_5)
FNDA:0,(anonymous_6)
FNDA:0,(anonymous_7)
FNDA:0,(anonymous_8)
FNDA:0,(anonymous_9)
FNDA:0,(anonymous_10)
FNDA:0,(anonymous_11)
DA:12,0
DA:15,0
DA:17,0
DA:18,0
DA:19,0
DA:21,0
DA:24,0
DA:25,0
DA:30,0
DA:38,0
DA:42,0
DA:43,0
DA:44,0
DA:46,0
DA:52,0
DA:53,0
DA:54,0
DA:55,0
DA:58,0
DA:61,0
DA:86,0
DA:89,0
DA:91,0
DA:106,0
DA:116,0
DA:122,0
DA:127,0
DA:128,0
DA:129,0
DA:130,0
DA:132,0
DA:133,0
DA:136,0
DA:137,0
DA:140,0
DA:141,0
DA:148,0
DA:149,0
DA:156,0
DA:157,0
DA:158,0
DA:159,0
DA:160,0
DA:164,0
DA:165,0
DA:182,0
DA:184,0
DA:185,0
DA:186,0
DA:190,0
DA:191,0
DA:194,0
DA:196,0
DA:200,0
DA:201,0
DA:205,0
DA:229,0
DA:241,0
DA:244,0
DA:253,0
DA:259,0
DA:262,0
DA:268,0
DA:273,0
DA:274,0
DA:282,0
DA:283,0
DA:284,0
DA:286,0
DA:287,0
DA:289,0
DA:290,0
DA:291,0
DA:294,0
DA:296,0
DA:301,0
DA:306,0
DA:307,0
DA:308,0
DA:310,0
DA:312,0
DA:313,0
DA:316,0
DA:321,0
DA:326,0
DA:327,0
DA:328,0
DA:330,0
DA:332,0
DA:333,0
DA:336,0
DA:339,0
DA:340,0
DA:344,0
DA:346,0
DA:351,0
LF:96
LH:0
BRDA:18,0,0,0
BRDA:18,0,1,0
BRDA:43,1,0,0
BRDA:43,1,1,0
BRDA:54,2,0,0
BRDA:54,2,1,0
BRDA:76,3,0,0
BRDA:76,3,1,0
BRDA:82,4,0,0
BRDA:82,4,1,0
BRDA:132,5,0,0
BRDA:132,5,1,0
BRDA:140,6,0,0
BRDA:140,6,1,0
BRDA:140,7,0,0
BRDA:140,7,1,0
BRDA:148,8,0,0
BRDA:148,8,1,0
BRDA:179,9,0,0
BRDA:179,9,1,0
BRDA:179,10,0,0
BRDA:179,10,1,0
BRDA:200,11,0,0
BRDA:200,11,1,0
BRDA:201,12,0,0
BRDA:201,12,1,0
BRDA:216,13,0,0
BRDA:216,13,1,0
BRDA:219,14,0,0
BRDA:219,14,1,0
BRDA:256,15,0,0
BRDA:256,15,1,0
BRDA:265,16,0,0
BRDA:265,16,1,0
BRDA:289,17,0,0
BRDA:289,17,1,0
BRDA:312,18,0,0
BRDA:312,18,1,0
BRDA:332,19,0,0
BRDA:332,19,1,0
BRDA:339,20,0,0
BRDA:339,20,1,0
BRF:42
BRH:0
end_of_record
TN:
SF:src/routes/duplicate-check.js
FN:15,(anonymous_0)
FN:48,(anonymous_1)
FN:91,(anonymous_2)
FN:133,(anonymous_3)
FN:162,(anonymous_4)
FN:228,(anonymous_5)
FN:278,(anonymous_6)
FN:301,(anonymous_7)
FNF:8
FNH:0
FNDA:0,(anonymous_0)
FNDA:0,(anonymous_1)
FNDA:0,(anonymous_2)
FNDA:0,(anonymous_3)
FNDA:0,(anonymous_4)
FNDA:0,(anonymous_5)
FNDA:0,(anonymous_6)
FNDA:0,(anonymous_7)
DA:9,0
DA:15,0
DA:16,0
DA:17,0
DA:19,0
DA:20,0
DA:26,0
DA:29,0
DA:32,0
DA:37,0
DA:48,0
DA:49,0
DA:50,0
DA:52,0
DA:53,0
DA:59,0
DA:62,0
DA:74,0
DA:80,0
DA:91,0
DA:92,0
DA:93,0
DA:95,0
DA:116,0
DA:122,0
DA:133,0
DA:134,0
DA:135,0
DA:137,0
DA:139,0
DA:140,0
DA:145,0
DA:151,0
DA:162,0
DA:163,0
DA:164,0
DA:165,0
DA:167,0
DA:168,0
DA:175,0
DA:189,0
DA:190,0
DA:197,0
DA:198,0
DA:211,0
DA:217,0
DA:228,0
DA:229,0
DA:230,0
DA:233,0
DA:246,0
DA:260,0
DA:267,0
DA:278,0
DA:279,0
DA:280,0
DA:283,0
DA:300,0
DA:301,0
DA:303,0
DA:316,0
DA:322,0
LF:62
LH:0
BRDA:19,0,0,0
BRDA:19,0,1,0
BRDA:19,1,0,0
BRDA:19,1,1,0
BRDA:19,1,2,0
BRDA:29,2,0,0
BRDA:29,2,1,0
BRDA:29,3,0,0
BRDA:29,3,1,0
BRDA:52,4,0,0
BRDA:52,4,1,0
BRDA:52,5,0,0
BRDA:52,5,1,0
BRDA:93,6,0,0
BRDA:93,7,0,0
BRDA:139,8,0,0
BRDA:139,8,1,0
BRDA:167,9,0,0
BRDA:167,9,1,0
BRDA:186,10,0,0
BRDA:186,10,1,0
BRDA:189,11,0,0
BRDA:189,11,1,0
BRDA:197,12,0,0
BRDA:197,12,1,0
BRDA:207,13,0,0
BRDA:207,13,1,0
BRDA:214,14,0,0
BRDA:214,14,1,0
BRDA:280,15,0,0
BRDA:300,16,0,0
BRDA:300,16,1,0
BRF:32
BRH:0
end_of_record
TN:
SF:src/routes/etiketler.js
FN:14,(anonymous_0)
FN:40,(anonymous_1)
FN:77,(anonymous_2)
FN:113,(anonymous_3)
FN:135,(anonymous_4)
FN:143,(anonymous_5)
FN:180,(anonymous_6)
FN:205,(anonymous_7)
FN:244,(anonymous_8)
FN:271,(anonymous_9)
FN:288,(anonymous_10)
FN:315,(anonymous_11)
FNF:12
FNH:0
FNDA:0,(anonymous_0)
FNDA:0,(anonymous_1)
FNDA:0,(anonymous_2)
FNDA:0,(anonymous_3)
FNDA:0,(anonymous_4)
FNDA:0,(anonymous_5)
FNDA:0,(anonymous_6)
FNDA:0,(anonymous_7)
FNDA:0,(anonymous_8)
FNDA:0,(anonymous_9)
FNDA:0,(anonymous_10)
FNDA:0,(anonymous_11)
DA:9,0
DA:14,0
DA:15,0
DA:16,0
DA:18,0
DA:19,0
DA:21,0
DA:22,0
DA:23,0
DA:26,0
DA:28,0
DA:30,0
DA:35,0
DA:40,0
DA:41,0
DA:42,0
DA:44,0
DA:45,0
DA:51,0
DA:60,0
DA:66,0
DA:67,0
DA:72,0
DA:77,0
DA:78,0
DA:79,0
DA:80,0
DA:82,0
DA:98,0
DA:99,0
DA:102,0
DA:108,0
DA:113,0
DA:114,0
DA:115,0
DA:117,0
DA:119,0
DA:120,0
DA:123,0
DA:128,0
DA:135,0
DA:136,0
DA:137,0
DA:139,0
DA:140,0
DA:143,0
DA:144,0
DA:156,0
DA:157,0
DA:158,0
DA:159,0
DA:161,0
DA:170,0
DA:175,0
DA:180,0
DA:181,0
DA:182,0
DA:184,0
DA:195,0
DA:200,0
DA:205,0
DA:206,0
DA:207,0
DA:208,0
DA:210,0
DA:211,0
DA:217,0
DA:228,0
DA:230,0
DA:239,0
DA:244,0
DA:245,0
DA:246,0
DA:248,0
DA:257,0
DA:258,0
DA:261,0
DA:266,0
DA:271,0
DA:272,0
DA:273,0
DA:274,0
DA:276,0
DA:277,0
DA:284,0
DA:287,0
DA:288,0
DA:289,0
DA:293,0
DA:304,0
DA:310,0
DA:315,0
DA:316,0
DA:317,0
DA:335,0
DA:345,0
DA:353,0
LF:97
LH:0
BRDA:21,0,0,0
BRDA:21,0,1,0
BRDA:44,1,0,0
BRDA:44,1,1,0
BRDA:44,2,0,0
BRDA:44,2,1,0
BRDA:57,3,0,0
BRDA:57,3,1,0
BRDA:57,4,0,0
BRDA:57,4,1,0
BRDA:66,5,0,0
BRDA:66,5,1,0
BRDA:98,6,0,0
BRDA:98,6,1,0
BRDA:119,7,0,0
BRDA:119,7,1,0
BRDA:139,8,0,0
BRDA:139,8,1,0
BRDA:139,9,0,0
BRDA:139,9,1,0
BRDA:158,10,0,0
BRDA:158,10,1,0
BRDA:210,11,0,0
BRDA:210,11,1,0
BRDA:257,12,0,0
BRDA:257,12,1,0
BRDA:276,13,0,0
BRDA:276,13,1,0
BRDA:287,14,0,0
BRDA:287,14,1,0
BRF:30
BRH:0
end_of_record
TN:
SF:src/routes/export.js
FN:33,(anonymous_0)
FN:67,(anonymous_1)
FN:101,(anonymous_2)
FN:170,(anonymous_3)
FN:211,(anonymous_4)
FN:252,(anonymous_5)
FN:329,(anonymous_6)
FN:362,(anonymous_7)
FN:396,(anonymous_8)
FN:465,(anonymous_9)
FN:497,(anonymous_10)
FN:530,(anonymous_11)
FN:599,(anonymous_12)
FN:622,(anonymous_13)
FN:662,(anonymous_14)
FN:696,(anonymous_15)
FN:741,(anonymous_16)
FN:761,(anonymous_17)
FN:815,(anonymous_18)
FN:857,(anonymous_19)
FN:874,(anonymous_20)
FN:907,(anonymous_21)
FN:935,(anonymous_22)
FN:963,(anonymous_23)
FN:984,(anonymous_24)
FN:1016,(anonymous_25)
FN:1053,(anonymous_26)
FN:1097,(anonymous_27)
FNF:28
FNH:0
FNDA:0,(anonymous_0)
FNDA:0,(anonymous_1)
FNDA:0,(anonymous_2)
FNDA:0,(anonymous_3)
FNDA:0,(anonymous_4)
FNDA:0,(anonymous_5)
FNDA:0,(anonymous_6)
FNDA:0,(anonymous_7)
FNDA:0,(anonymous_8)
FNDA:0,(anonymous_9)
FNDA:0,(anonymous_10)
FNDA:0,(anonymous_11)
FNDA:0,(anonymous_12)
FNDA:0,(anonymous_13)
FNDA:0,(anonymous_14)
FNDA:0,(anonymous_15)
FNDA:0,(anonymous_16)
FNDA:0,(anonymous_17)
FNDA:0,(anonymous_18)
FNDA:0,(anonymous_19)
FNDA:0,(anonymous_20)
FNDA:0,(anonymous_21)
FNDA:0,(anonymous_22)
FNDA:0,(anonymous_23)
FNDA:0,(anonymous_24)
FNDA:0,(anonymous_25)
FNDA:0,(anonymous_26)
FNDA:0,(anonymous_27)
DA:23,0
DA:33,0
DA:34,0
DA:35,0
DA:37,0
DA:38,0
DA:40,0
DA:41,0
DA:42,0
DA:44,0
DA:45,0
DA:46,0
DA:49,0
DA:51,0
DA:52,0
DA:54,0
DA:55,0
DA:56,0
DA:57,0
DA:59,0
DA:67,0
DA:68,0
DA:69,0
DA:71,0
DA:72,0
DA:74,0
DA:75,0
DA:76,0
DA:78,0
DA:79,0
DA:80,0
DA:83,0
DA:85,0
DA:86,0
DA:88,0
DA:89,0
DA:90,0
DA:91,0
DA:93,0
DA:101,0
DA:102,0
DA:103,0
DA:105,0
DA:106,0
DA:109,0
DA:110,0
DA:112,0
DA:113,0
DA:114,0
DA:116,0
DA:117,0
DA:118,0
DA:121,0
DA:123,0
DA:126,0
DA:127,0
DA:128,0
DA:129,0
DA:131,0
DA:132,0
DA:133,0
DA:136,0
DA:157,0
DA:159,0
DA:170,0
DA:171,0
DA:172,0
DA:174,0
DA:175,0
DA:177,0
DA:178,0
DA:179,0
DA:181,0
DA:182,0
DA:183,0
DA:185,0
DA:186,0
DA:187,0
DA:189,0
DA:190,0
DA:191,0
DA:194,0
DA:196,0
DA:197,0
DA:199,0
DA:200,0
DA:201,0
DA:202,0
DA:204,0
DA:211,0
DA:212,0
DA:213,0
DA:215,0
DA:216,0
DA:218,0
DA:219,0
DA:220,0
DA:222,0
DA:223,0
DA:224,0
DA:226,0
DA:227,0
DA:228,0
DA:230,0
DA:231,0
DA:232,0
DA:235,0
DA:237,0
DA:238,0
DA:240,0
DA:241,0
DA:242,0
DA:243,0
DA:245,0
DA:252,0
DA:253,0
DA:254,0
DA:256,0
DA:257,0
DA:260,0
DA:261,0
DA:263,0
DA:264,0
DA:265,0
DA:267,0
DA:268,0
DA:269,0
DA:271,0
DA:272,0
DA:273,0
DA:275,0
DA:276,0
DA:277,0
DA:280,0
DA:282,0
DA:285,0
DA:286,0
DA:287,0
DA:288,0
DA:290,0
DA:291,0
DA:292,0
DA:295,0
DA:316,0
DA:318,0
DA:329,0
DA:330,0
DA:331,0
DA:333,0
DA:334,0
DA:336,0
DA:337,0
DA:338,0
DA:340,0
DA:341,0
DA:342,0
DA:345,0
DA:347,0
DA:348,0
DA:350,0
DA:351,0
DA:352,0
DA:353,0
DA:355,0
DA:362,0
DA:363,0
DA:364,0
DA:366,0
DA:367,0
DA:369,0
DA:370,0
DA:371,0
DA:373,0
DA:374,0
DA:375,0
DA:378,0
DA:380,0
DA:381,0
DA:383,0
DA:384,0
DA:385,0
DA:386,0
DA:388,0
DA:396,0
DA:397,0
DA:398,0
DA:400,0
DA:401,0
DA:404,0
DA:405,0
DA:407,0
DA:408,0
DA:409,0
DA:411,0
DA:412,0
DA:413,0
DA:416,0
DA:418,0
DA:421,0
DA:422,0
DA:423,0
DA:424,0
DA:426,0
DA:427,0
DA:428,0
DA:431,0
DA:452,0
DA:454,0
DA:465,0
DA:466,0
DA:467,0
DA:469,0
DA:470,0
DA:472,0
DA:473,0
DA:474,0
DA:476,0
DA:477,0
DA:480,0
DA:482,0
DA:483,0
DA:485,0
DA:486,0
DA:487,0
DA:488,0
DA:490,0
DA:497,0
DA:498,0
DA:499,0
DA:501,0
DA:502,0
DA:504,0
DA:505,0
DA:506,0
DA:508,0
DA:509,0
DA:512,0
DA:514,0
DA:515,0
DA:517,0
DA:518,0
DA:519,0
DA:520,0
DA:522,0
DA:530,0
DA:531,0
DA:532,0
DA:534,0
DA:535,0
DA:538,0
DA:539,0
DA:541,0
DA:542,0
DA:543,0
DA:545,0
DA:546,0
DA:549,0
DA:551,0
DA:554,0
DA:555,0
DA:556,0
DA:557,0
DA:559,0
DA:560,0
DA:561,0
DA:564,0
DA:585,0
DA:587,0
DA:599,0
DA:600,0
DA:601,0
DA:602,0
DA:604,0
DA:613,0
DA:614,0
DA:615,0
DA:617,0
DA:618,0
DA:622,0
DA:632,0
DA:633,0
DA:634,0
DA:636,0
DA:649,0
DA:650,0
DA:651,0
DA:654,0
DA:662,0
DA:663,0
DA:664,0
DA:665,0
DA:668,0
DA:675,0
DA:677,0
DA:678,0
DA:685,0
DA:688,0
DA:689,0
DA:696,0
DA:707,0
DA:708,0
DA:709,0
DA:711,0
DA:728,0
DA:729,0
DA:730,0
DA:733,0
DA:741,0
DA:742,0
DA:743,0
DA:746,0
DA:753,0
DA:755,0
DA:757,0
DA:761,0
DA:763,0
DA:768,0
DA:775,0
DA:776,0
DA:779,0
DA:783,0
DA:784,0
DA:787,0
DA:789,0
DA:791,0
DA:792,0
DA:793,0
DA:795,0
DA:796,0
DA:797,0
DA:800,0
DA:802,0
DA:805,0
DA:806,0
DA:815,0
DA:826,0
DA:827,0
DA:828,0
DA:830,0
DA:844,0
DA:845,0
DA:846,0
DA:849,0
DA:857,0
DA:858,0
DA:859,0
DA:861,0
DA:867,0
DA:869,0
DA:870,0
DA:875,0
DA:876,0
DA:877,0
DA:878,0
DA:889,0
DA:890,0
DA:891,0
DA:893,0
DA:894,0
DA:895,0
DA:896,0
DA:899,0
DA:907,0
DA:908,0
DA:909,0
DA:912,0
DA:928,0
DA:930,0
DA:931,0
DA:935,0
DA:945,0
DA:946,0
DA:947,0
DA:949,0
DA:950,0
DA:951,0
DA:952,0
DA:955,0
DA:963,0
DA:964,0
DA:965,0
DA:967,0
DA:968,0
DA:970,0
DA:971,0
DA:972,0
DA:975,0
DA:977,0
DA:979,0
DA:980,0
DA:984,0
DA:994,0
DA:995,0
DA:996,0
DA:998,0
DA:999,0
DA:1000,0
DA:1001,0
DA:1004,0
DA:1016,0
DA:1017,0
DA:1018,0
DA:1020,0
DA:1021,0
DA:1024,0
DA:1032,0
DA:1039,0
DA:1041,0
DA:1042,0
DA:1043,0
DA:1045,0
DA:1053,0
DA:1054,0
DA:1055,0
DA:1057,0
DA:1058,0
DA:1062,0
DA:1064,0
DA:1065,0
DA:1068,0
DA:1069,0
[...]
FN:690,(anonymous_11)
FN:724,(anonymous_12)
FN:739,(anonymous_13)
FN:813,(anonymous_14)
FN:840,(anonymous_15)
FN:858,(anonymous_16)
FN:888,(anonymous_17)
FN:899,(anonymous_18)
FN:904,(anonymous_19)
FN:905,(anonymous_20)
FN:906,(anonymous_21)
FNF:22
FNH:0
FNDA:0,(anonymous_0)
FNDA:0,(anonymous_1)
FNDA:0,(anonymous_2)
FNDA:0,(anonymous_3)
FNDA:0,(anonymous_4)
FNDA:0,(anonymous_5)
FNDA:0,(anonymous_6)
FNDA:0,(anonymous_7)
FNDA:0,(anonymous_8)
FNDA:0,(anonymous_9)
FNDA:0,(anonymous_10)
FNDA:0,(anonymous_11)
FNDA:0,(anonymous_12)
FNDA:0,(anonymous_13)
FNDA:0,(anonymous_14)
FNDA:0,(anonymous_15)
FNDA:0,(anonymous_16)
FNDA:0,(anonymous_17)
FNDA:0,(anonymous_18)
FNDA:0,(anonymous_19)
FNDA:0,(anonymous_20)
FNDA:0,(anonymous_21)
DA:11,0
DA:154,0
DA:233,0
DA:262,0
DA:263,0
DA:266,0
DA:268,0
DA:270,0
DA:278,0
DA:281,0
DA:284,0
DA:285,0
DA:288,0
DA:289,0
DA:290,0
DA:291,0
DA:297,0
DA:298,0
DA:299,0
DA:300,0
DA:301,0
DA:302,0
DA:303,0
DA:304,0
DA:309,0
DA:310,0
DA:312,0
DA:320,0
DA:377,0
DA:378,0
DA:379,0
DA:396,0
DA:398,0
DA:399,0
DA:403,0
DA:404,0
DA:405,0
DA:407,0
DA:409,0
DA:414,0
DA:491,0
DA:492,0
DA:493,0
DA:499,0
DA:501,0
DA:502,0
DA:508,0
DA:509,0
DA:510,0
DA:511,0
DA:512,0
DA:513,0
DA:514,0
DA:520,0
DA:526,0
DA:527,0
DA:528,0
DA:530,0
DA:531,0
DA:532,0
DA:533,0
DA:534,0
DA:538,0
DA:542,0
DA:547,0
DA:548,0
DA:549,0
DA:552,0
DA:555,0
DA:556,0
DA:557,0
DA:558,0
DA:559,0
DA:562,0
DA:563,0
DA:566,0
DA:567,0
DA:568,0
DA:572,0
DA:573,0
DA:587,0
DA:590,0
DA:591,0
DA:592,0
DA:596,0
DA:601,0
DA:602,0
DA:603,0
DA:611,0
DA:617,0
DA:618,0
DA:619,0
DA:620,0
DA:621,0
DA:625,0
DA:626,0
DA:627,0
DA:631,0
DA:644,0
DA:645,0
DA:646,0
DA:647,0
DA:650,0
DA:651,0
DA:652,0
DA:653,0
DA:656,0
DA:657,0
DA:658,0
DA:659,0
DA:660,0
DA:663,0
DA:664,0
DA:665,0
DA:666,0
DA:670,0
DA:671,0
DA:672,0
DA:676,0
DA:678,0
DA:679,0
DA:680,0
DA:684,0
DA:686,0
DA:691,0
DA:692,0
DA:693,0
DA:696,0
DA:698,0
DA:711,0
DA:712,0
DA:720,0
DA:724,0
DA:735,0
DA:740,0
DA:741,0
DA:742,0
DA:745,0
DA:746,0
DA:747,0
DA:759,0
DA:760,0
DA:761,0
DA:762,0
DA:767,0
DA:768,0
DA:771,0
DA:773,0
DA:774,0
DA:778,0
DA:779,0
DA:781,0
DA:782,0
DA:783,0
DA:787,0
DA:788,0
DA:789,0
DA:790,0
DA:791,0
DA:793,0
DA:797,0
DA:815,0
DA:836,0
DA:841,0
DA:842,0
DA:844,0
DA:852,0
DA:858,0
DA:860,0
DA:861,0
DA:870,0
DA:873,0
DA:882,0
DA:884,0
DA:889,0
DA:890,0
DA:899,0
DA:901,0
DA:904,0
DA:905,0
DA:906,0
DA:921,0
LF:182
LH:0
BRDA:262,0,0,0
BRDA:268,1,0,0
BRDA:268,1,1,0
BRDA:278,2,0,0
BRDA:278,2,1,0
BRDA:284,3,0,0
BRDA:284,3,1,0
BRDA:289,4,0,0
BRDA:289,4,1,0
BRDA:297,5,0,0
BRDA:297,5,1,0
BRDA:299,6,0,0
BRDA:299,6,1,0
BRDA:301,7,0,0
BRDA:301,7,1,0
BRDA:303,8,0,0
BRDA:303,8,1,0
BRDA:309,9,0,0
BRDA:309,9,1,0
BRDA:398,10,0,0
BRDA:398,10,1,0
BRDA:404,11,0,0
BRDA:404,11,1,0
BRDA:493,12,0,0
BRDA:493,12,1,0
BRDA:515,13,0,0
BRDA:515,13,1,0
BRDA:526,14,0,0
BRDA:532,15,0,0
BRDA:532,15,1,0
BRDA:532,16,0,0
BRDA:532,16,1,0
BRDA:556,17,0,0
BRDA:556,17,1,0
BRDA:558,18,0,0
BRDA:558,18,1,0
BRDA:567,19,0,0
BRDA:567,19,1,0
BRDA:567,20,0,0
BRDA:567,20,1,0
BRDA:572,21,0,0
BRDA:572,21,1,0
BRDA:579,22,0,0
BRDA:579,22,1,0
BRDA:580,23,0,0
BRDA:580,23,1,0
BRDA:581,24,0,0
BRDA:581,24,1,0
BRDA:587,25,0,0
BRDA:587,25,1,0
BRDA:593,26,0,0
BRDA:593,26,1,0
BRDA:593,26,2,0
BRDA:593,26,3,0
BRDA:596,27,0,0
BRDA:596,27,1,0
BRDA:619,28,0,0
BRDA:619,28,1,0
BRDA:619,29,0,0
BRDA:619,29,1,0
BRDA:626,30,0,0
BRDA:626,30,1,0
BRDA:626,31,0,0
BRDA:626,31,1,0
BRDA:634,32,0,0
BRDA:634,32,1,0
BRDA:636,33,0,0
BRDA:636,33,1,0
BRDA:644,34,0,0
BRDA:644,34,1,0
BRDA:646,35,0,0
BRDA:646,35,1,0
BRDA:650,36,0,0
BRDA:650,36,1,0
BRDA:650,37,0,0
BRDA:650,37,1,0
BRDA:656,38,0,0
BRDA:656,38,1,0
BRDA:656,39,0,0
BRDA:656,39,1,0
BRDA:663,40,0,0
BRDA:663,40,1,0
BRDA:666,41,0,0
BRDA:666,41,1,0
BRDA:670,42,0,0
BRDA:670,42,1,0
BRDA:673,43,0,0
BRDA:673,43,1,0
BRDA:692,44,0,0
BRDA:692,44,1,0
BRDA:711,45,0,0
BRDA:711,45,1,0
BRDA:715,46,0,0
BRDA:715,46,1,0
BRDA:723,47,0,0
BRDA:723,47,1,0
BRDA:746,48,0,0
BRDA:746,48,1,0
BRDA:759,49,0,0
BRDA:759,49,1,0
BRDA:773,50,0,0
BRDA:773,50,1,0
BRDA:781,51,0,0
BRDA:781,51,1,0
BRDA:781,52,0,0
BRDA:781,52,1,0
BRDA:783,53,0,0
BRDA:783,53,1,0
BRDA:783,54,0,0
BRDA:783,54,1,0
BRDA:788,55,0,0
BRDA:788,55,1,0
BRDA:790,56,0,0
BRDA:790,56,1,0
BRDA:820,57,0,0
BRDA:820,57,1,0
BRDA:830,58,0,0
BRDA:830,58,1,0
BRDA:830,59,0,0
BRDA:830,59,1,0
BRDA:842,60,0,0
BRDA:842,60,1,0
BRDA:844,61,0,0
BRDA:844,61,1,0
BRDA:846,62,0,0
BRDA:846,62,1,0
BRDA:848,63,0,0
BRDA:848,63,1,0
BRDA:860,64,0,0
BRDA:860,64,1,0
BRDA:888,65,0,0
BRDA:897,66,0,0
BRDA:897,66,1,0
BRF:133
BRH:0
end_of_record
TN:
SF:src/services/ai-tools/rapor-tools.js
FN:18,(anonymous_0)
FN:99,(anonymous_1)
FN:200,(anonymous_2)
FN:303,(anonymous_3)
FN:304,(anonymous_4)
FN:426,(anonymous_5)
FN:490,(anonymous_6)
FNF:7
FNH:0
FNDA:0,(anonymous_0)
FNDA:0,(anonymous_1)
FNDA:0,(anonymous_2)
FNDA:0,(anonymous_3)
FNDA:0,(anonymous_4)
FNDA:0,(anonymous_5)
FNDA:0,(anonymous_6)
DA:8,0
DA:20,0
DA:32,0
DA:43,0
DA:52,0
DA:61,0
DA:65,0
DA:100,0
DA:102,0
DA:103,0
DA:106,0
DA:108,0
DA:109,0
DA:111,0
DA:112,0
DA:114,0
DA:115,0
DA:117,0
DA:118,0
DA:120,0
DA:121,0
DA:124,0
DA:125,0
DA:129,0
DA:130,0
DA:131,0
DA:134,0
DA:152,0
DA:166,0
DA:201,0
DA:203,0
DA:204,0
DA:207,0
DA:209,0
DA:210,0
DA:212,0
DA:213,0
DA:215,0
DA:216,0
DA:218,0
DA:219,0
DA:221,0
DA:222,0
DA:225,0
DA:226,0
DA:230,0
DA:231,0
DA:232,0
DA:236,0
DA:255,0
DA:271,0
DA:304,0
DA:305,0
DA:308,0
DA:310,0
DA:311,0
DA:312,0
DA:314,0
DA:315,0
DA:316,0
DA:318,0
DA:319,0
DA:320,0
DA:322,0
DA:323,0
DA:324,0
DA:327,0
DA:330,0
DA:331,0
DA:334,0
DA:346,0
DA:358,0
DA:367,0
DA:378,0
DA:387,0
DA:395,0
DA:427,0
DA:430,0
DA:434,0
DA:435,0
DA:444,0
DA:448,0
DA:449,0
DA:458,0
DA:462,0
DA:463,0
DA:472,0
DA:476,0
DA:477,0
DA:485,0
DA:490,0
LF:91
LH:0
BRDA:102,0,0,0
BRDA:102,0,1,0
BRDA:106,1,0,0
BRDA:106,1,1,0
BRDA:106,1,2,0
BRDA:106,1,3,0
BRDA:106,1,4,0
BRDA:124,2,0,0
BRDA:124,2,1,0
BRDA:130,3,0,0
BRDA:130,3,1,0
BRDA:171,4,0,0
BRDA:171,4,1,0
BRDA:203,5,0,0
BRDA:203,5,1,0
BRDA:207,6,0,0
BRDA:207,6,1,0
BRDA:207,6,2,0
BRDA:207,6,3,0
BRDA:207,6,4,0
BRDA:225,7,0,0
BRDA:225,7,1,0
BRDA:231,8,0,0
BRDA:231,8,1,0
BRDA:251,9,0,0
BRDA:251,9,1,0
BRDA:268,10,0,0
BRDA:268,10,1,0
BRDA:276,11,0,0
BRDA:276,11,1,0
BRDA:308,12,0,0
BRDA:308,12,1,0
BRDA:308,12,2,0
BRDA:308,12,3,0
BRDA:378,13,0,0
BRDA:378,13,1,0
BRDA:387,14,0,0
BRDA:387,14,1,0
BRDA:434,15,0,0
BRDA:434,15,1,0
BRDA:448,16,0,0
BRDA:448,16,1,0
BRDA:462,17,0,0
BRDA:462,17,1,0
BRDA:476,18,0,0
BRDA:476,18,1,0
BRF:46
BRH:0
end_of_record
TN:
SF:src/services/ai-tools/satin-alma-tools.js
FN:55,(anonymous_0)
FN:136,(anonymous_1)
FN:199,(anonymous_2)
FN:242,(anonymous_3)
FN:349,(anonymous_4)
FN:380,(anonymous_5)
FN:451,(anonymous_6)
FN:524,(anonymous_7)
FN:573,(anonymous_8)
FNF:9
FNH:0
FNDA:0,(anonymous_0)
FNDA:0,(anonymous_1)
FNDA:0,(anonymous_2)
FNDA:0,(anonymous_3)
FNDA:0,(anonymous_4)
FNDA:0,(anonymous_5)
FNDA:0,(anonymous_6)
FNDA:0,(anonymous_7)
FNDA:0,(anonymous_8)
DA:8,0
DA:56,0
DA:66,0
DA:67,0
DA:69,0
DA:70,0
DA:71,0
DA:74,0
DA:75,0
DA:76,0
DA:79,0
DA:80,0
DA:81,0
DA:84,0
DA:85,0
DA:86,0
DA:89,0
DA:90,0
DA:91,0
DA:94,0
DA:95,0
DA:96,0
DA:99,0
DA:100,0
DA:101,0
DA:104,0
DA:105,0
DA:107,0
DA:109,0
DA:137,0
DA:150,0
DA:152,0
DA:153,0
DA:154,0
DA:155,0
DA:156,0
DA:157,0
DA:159,0
DA:162,0
DA:164,0
DA:165,0
DA:168,0
DA:171,0
DA:175,0
DA:200,0
DA:211,0
DA:212,0
DA:215,0
DA:217,0
DA:219,0
DA:243,0
DA:245,0
DA:246,0
DA:247,0
DA:248,0
DA:249,0
DA:250,0
DA:251,0
DA:252,0
DA:255,0
DA:267,0
DA:279,0
DA:351,0
DA:352,0
DA:353,0
DA:354,0
DA:355,0
DA:360,0
DA:361,0
DA:362,0
DA:366,0
DA:367,0
DA:372,0
DA:373,0
DA:374,0
DA:375,0
DA:378,0
DA:379,0
DA:380,0
DA:384,0
DA:404,0
DA:407,0
DA:408,0
DA:409,0
DA:419,0
DA:452,0
DA:453,0
DA:455,0
DA:456,0
DA:457,0
DA:458,0
DA:459,0
DA:460,0
DA:462,0
DA:465,0
DA:470,0
DA:471,0
DA:474,0
DA:481,0
DA:526,0
DA:527,0
DA:528,0
DA:531,0
DA:547,0
DA:574,0
DA:575,0
DA:577,0
DA:578,0
DA:579,0
DA:580,0
DA:581,0
DA:582,0
DA:584,0
DA:588,0
DA:589,0
DA:590,0
DA:593,0
DA:596,0
DA:599,0
DA:601,0
LF:120
LH:0
BRDA:69,0,0,0
BRDA:69,0,1,0
BRDA:74,1,0,0
BRDA:74,1,1,0
BRDA:79,2,0,0
BRDA:79,2,1,0
BRDA:84,3,0,0
BRDA:84,3,1,0
BRDA:89,4,0,0
BRDA:89,4,1,0
BRDA:94,5,0,0
BRDA:94,5,1,0
BRDA:99,6,0,0
BRDA:99,6,1,0
BRDA:105,7,0,0
BRDA:105,7,1,0
BRDA:152,8,0,0
BRDA:152,8,1,0
BRDA:155,9,0,0
BRDA:155,9,1,0
BRDA:164,10,0,0
BRDA:164,10,1,0
BRDA:211,11,0,0
BRDA:211,11,1,0
BRDA:245,12,0,0
BRDA:245,12,1,0
BRDA:247,13,0,0
BRDA:247,13,1,0
BRDA:249,14,0,0
BRDA:249,14,1,0
BRDA:251,15,0,0
BRDA:251,15,1,0
BRDA:284,16,0,0
BRDA:284,16,1,0
BRDA:352,17,0,0
BRDA:352,17,1,0
BRDA:352,18,0,0
BRDA:352,18,1,0
BRDA:354,19,0,0
BRDA:354,19,1,0
BRDA:361,20,0,0
BRDA:361,20,1,0
BRDA:361,21,0,0
BRDA:361,21,1,0
BRDA:366,22,0,0
BRDA:366,22,1,0
BRDA:379,23,0,0
BRDA:379,23,1,0
BRDA:379,24,0,0
BRDA:379,24,1,0
BRDA:380,25,0,0
BRDA:380,25,1,0
BRDA:380,26,0,0
BRDA:380,26,1,0
BRDA:397,27,0,0
BRDA:397,27,1,0
BRDA:398,28,0,0
BRDA:398,28,1,0
BRDA:400,29,0,0
BRDA:400,29,1,0
BRDA:407,30,0,0
BRDA:407,30,1,0
BRDA:407,31,0,0
BRDA:407,31,1,0
BRDA:414,32,0,0
BRDA:414,32,1,0
BRDA:414,33,0,0
BRDA:414,33,1,0
BRDA:455,34,0,0
BRDA:455,34,1,0
BRDA:458,35,0,0
BRDA:458,35,1,0
BRDA:470,36,0,0
BRDA:470,36,1,0
BRDA:527,37,0,0
BRDA:527,37,1,0
BRDA:540,38,0,0
BRDA:540,38,1,0
BRDA:541,39,0,0
BRDA:541,39,1,0
BRDA:542,40,0,0
BRDA:542,40,1,0
BRDA:543,41,0,0
BRDA:543,41,1,0
BRDA:577,42,0,0
BRDA:577,42,1,0
BRDA:580,43,0,0
BRDA:580,43,1,0
BRDA:589,44,0,0
BRDA:589,44,1,0
BRF:90
BRH:0
end_of_record
TN:
SF:src/services/ai-tools/web-tools.js
FN:24,(anonymous_0)
FN:125,(anonymous_1)
FN:187,(anonymous_2)
FN:203,(anonymous_3)
FN:263,(anonymous_4)
FN:307,(anonymous_5)
FN:352,getYerelEmsaller
FN:428,tavilyArama
FN:456,(anonymous_8)
FN:479,duckduckgoArama
FN:507,(anonymous_10)
FNF:11
FNH:0
FNDA:0,(anonymous_0)
FNDA:0,(anonymous_1)
FNDA:0,(anonymous_2)
FNDA:0,(anonymous_3)
FNDA:0,(anonymous_4)
FNDA:0,(anonymous_5)
FNDA:0,getYerelEmsaller
FNDA:0,tavilyArama
FNDA:0,(anonymous_8)
FNDA:0,duckduckgoArama
FNDA:0,(anonymous_10)
DA:15,0
DA:17,0
DA:18,0
DA:21,0
DA:24,0
DA:25,0
DA:26,0
DA:27,0
DA:28,0
DA:30,0
DA:35,0
DA:124,0
DA:126,0
DA:127,0
DA:129,0
DA:130,0
DA:131,0
DA:132,0
DA:133,0
DA:135,0
DA:150,0
DA:151,0
DA:153,0
DA:154,0
DA:161,0
DA:162,0
DA:172,0
DA:180,0
DA:188,0
DA:190,0
DA:191,0
DA:193,0
DA:195,0
DA:204,0
DA:205,0
DA:206,0
DA:207,0
DA:209,0
DA:235,0
DA:236,0
DA:243,0
DA:244,0
DA:251,0
DA:256,0
DA:264,0
DA:267,0
DA:268,0
DA:277,0
DA:278,0
DA:281,0
DA:283,0
DA:289,0
DA:290,0
DA:293,0
DA:294,0
DA:297,0
DA:298,0
DA:306,0
DA:307,0
DA:308,0
DA:309,0
DA:319,0
DA:321,0
DA:335,0
DA:337,0
DA:353,0
DA:421,0
DA:429,0
DA:431,0
DA:447,0
DA:448,0
DA:449,0
DA:452,0
DA:456,0
DA:463,0
DA:480,0
DA:481,0
DA:483,0
DA:489,0
DA:490,0
DA:493,0
DA:494,0
DA:496,0
DA:497,0
DA:506,0
DA:507,0
DA:508,0
DA:509,0
DA:518,0
DA:519,0
DA:529,0
LF:91
LH:0
BRDA:15,0,0,0
BRDA:15,0,1,0
BRDA:127,1,0,0
BRDA:127,1,1,0
BRDA:153,2,0,0
BRDA:153,2,1,0
BRDA:161,3,0,0
BRDA:161,3,1,0
BRDA:161,4,0,0
BRDA:161,4,1,0
BRDA:187,5,0,0
BRDA:187,6,0,0
BRDA:190,7,0,0
BRDA:190,7,1,0
BRDA:212,8,0,0
BRDA:212,8,1,0
BRDA:213,9,0,0
BRDA:213,9,1,0
BRDA:214,10,0,0
BRDA:214,10,1,0
BRDA:218,11,0,0
BRDA:218,11,1,0
BRDA:223,12,0,0
BRDA:223,12,1,0
BRDA:226,13,0,0
BRDA:226,13,1,0
BRDA:235,14,0,0
BRDA:235,14,1,0
BRDA:243,15,0,0
BRDA:243,15,1,0
BRDA:277,16,0,0
BRDA:277,16,1,0
BRDA:277,17,0,0
BRDA:277,17,1,0
BRDA:289,18,0,0
BRDA:289,18,1,0
BRDA:297,19,0,0
BRDA:297,19,1,0
BRDA:300,20,0,0
BRDA:300,20,1,0
BRDA:306,21,0,0
BRDA:306,21,1,0
BRDA:306,22,0,0
BRDA:306,22,1,0
BRDA:308,23,0,0
BRDA:308,23,1,0
BRDA:326,24,0,0
BRDA:326,24,1,0
BRDA:421,25,0,0
BRDA:421,25,1,0
BRDA:428,26,0,0
BRDA:429,27,0,0
BRDA:429,27,1,0
BRDA:443,28,0,0
BRDA:443,28,1,0
BRDA:447,29,0,0
BRDA:447,29,1,0
BRDA:456,30,0,0
BRDA:456,30,1,0
BRDA:468,31,0,0
BRDA:468,31,1,0
BRDA:489,32,0,0
BRDA:489,32,1,0
BRDA:496,33,0,0
BRDA:496,33,1,0
BRDA:499,34,0,0
BRDA:499,34,1,0
BRDA:506,35,0,0
BRDA:506,35,1,0
BRDA:506,36,0,0
BRDA:506,36,1,0
BRDA:508,37,0,0
BRDA:508,37,1,0
BRDA:518,38,0,0
BRDA:518,38,1,0
BRF:75
BRH:0
end_of_record
TN:
SF:src/services/tender-document/index.js
FN:20,(anonymous_0)
FN:22,(anonymous_1)
FN:25,(anonymous_2)
FN:27,(anonymous_3)
FN:29,(anonymous_4)
FN:31,(anonymous_5)
FN:34,(anonymous_6)
FN:36,(anonymous_7)
FN:38,(anonymous_8)
FN:41,(anonymous_9)
FN:43,(anonymous_10)
FN:45,(anonymous_11)
FN:47,(anonymous_12)
FNF:13
FNH:0
FNDA:0,(anonymous_0)
FNDA:0,(anonymous_1)
FNDA:0,(anonymous_2)
FNDA:0,(anonymous_3)
FNDA:0,(anonymous_4)
FNDA:0,(anonymous_5)
FNDA:0,(anonymous_6)
FNDA:0,(anonymous_7)
FNDA:0,(anonymous_8)
FNDA:0,(anonymous_9)
FNDA:0,(anonymous_10)
FNDA:0,(anonymous_11)
FNDA:0,(anonymous_12)
DA:20,0
DA:22,0
DA:23,0
DA:25,0
DA:27,0
DA:29,0
DA:31,0
DA:34,0
DA:36,0
DA:38,0
DA:41,0
DA:43,0
DA:45,0
DA:47,0
LF:14
LH:0
BRF:0
BRH:0
end_of_record
TN:
SF:src/utils/birim-donusum.js
FN:17,loadCache
FN:21,(anonymous_1)
FN:29,(anonymous_2)
FN:41,standartBirimAl
FN:56,donusumCarpaniAl
FN:79,miktarDonustur
FN:89,cacheTemizle
FN:98,standartBirimAlSync
FN:108,testBirimDonusum
FNF:9
FNH:0
FNDA:0,loadCache
FNDA:0,(anonymous_1)
FNDA:0,(anonymous_2)
FNDA:0,standartBirimAl
FNDA:0,donusumCarpaniAl
FNDA:0,miktarDonustur
FNDA:0,cacheTemizle
FNDA:0,standartBirimAlSync
FNDA:0,testBirimDonusum
DA:11,0
DA:12,0
DA:18,0
DA:19,0
DA:20,0
DA:21,0
DA:22,0
DA:26,0
DA:27,0
DA:28,0
DA:29,0
DA:30,0
DA:31,0
DA:42,0
DA:44,0
DA:46,0
DA:47,0
DA:57,0
DA:59,0
DA:60,0
DA:63,0
DA:65,0
DA:66,0
DA:68,0
DA:69,0
DA:80,0
DA:82,0
DA:83,0
DA:90,0
DA:91,0
DA:99,0
DA:100,0
DA:101,0
DA:103,0
DA:104,0
LF:35
LH:0
BRDA:18,0,0,0
BRDA:18,0,1,0
BRDA:26,1,0,0
BRDA:26,1,1,0
BRDA:42,2,0,0
BRDA:42,2,1,0
BRDA:47,3,0,0
BRDA:47,3,1,0
BRDA:63,4,0,0
BRDA:63,4,1,0
BRDA:68,5,0,0
BRDA:68,5,1,0
BRDA:80,6,0,0
BRDA:80,6,1,0
BRDA:80,7,0,0
BRDA:80,7,1,0
BRDA:99,8,0,0
BRDA:99,8,1,0
BRDA:100,9,0,0
BRDA:100,9,1,0
BRDA:104,10,0,0
BRDA:104,10,1,0
BRF:22
BRH:0
end_of_record
TN:
SF:src/utils/env-validator.js
FN:20,(anonymous_0)
FN:33,(anonymous_1)
FN:61,validateEnvironment
FN:102,(anonymous_3)
FN:115,(anonymous_4)
FNF:5
FNH:0
FNDA:0,(anonymous_0)
FNDA:0,(anonymous_1)
FNDA:0,validateEnvironment
FNDA:0,(anonymous_3)
FNDA:0,(anonymous_4)
DA:9,0
DA:21,0
DA:22,0
DA:29,0
DA:34,0
DA:35,0
DA:42,0
DA:62,0
DA:63,0
DA:64,0
DA:67,0
DA:68,0
DA:70,0
DA:71,0
DA:72,0
DA:73,0
DA:74,0
DA:76,0
DA:82,0
DA:83,0
DA:84,0
DA:86,0
DA:87,0
DA:88,0
DA:89,0
DA:90,0
DA:92,0
DA:99,0
DA:100,0
DA:101,0
DA:102,0
DA:107,0
DA:108,0
DA:109,0
DA:113,0
DA:114,0
DA:115,0
DA:120,0
LF:38
LH:0
BRDA:21,0,0,0
BRDA:21,0,1,0
BRDA:34,1,0,0
BRDA:34,1,1,0
BRDA:70,2,0,0
BRDA:70,2,1,0
BRDA:72,3,0,0
BRDA:72,3,1,0
BRDA:82,4,0,0
BRDA:82,4,1,0
BRDA:86,5,0,0
BRDA:86,5,1,0
BRDA:88,6,0,0
BRDA:88,6,1,0
BRDA:99,7,0,0
BRDA:99,7,1,0
BRDA:108,8,0,0
BRDA:108,8,1,0
BRDA:113,9,0,0
BRDA:113,9,1,0
BRDA:113,10,0,0
BRDA:113,10,1,0
BRDA:121,11,0,0
BRDA:121,11,1,0
BRDA:122,12,0,0
BRDA:122,12,1,0
BRF:26
BRH:0
end_of_record
TN:
SF:src/utils/fiyat-hesaplama.js
FN:17,fiyatGuncelMi
FN:44,getFiyat
FN:168,hesaplaMalzemeMaliyet
FN:237,fiyatFarkiHesapla
FN:267,logMaliyetDegisimi
FN:329,testFiyatHesaplama
FNF:6
FNH:0
FNDA:0,fiyatGuncelMi
FNDA:0,getFiyat
FNDA:0,hesaplaMalzemeMaliyet
FNDA:0,fiyatFarkiHesapla
FNDA:0,logMaliyetDegisimi
FNDA:0,testFiyatHesaplama
DA:9,0
DA:18,0
DA:20,0
DA:21,0
DA:22,0
DA:23,0
DA:26,0
DA:27,0
DA:30,0
DA:45,0
DA:54,0
DA:57,0
DA:58,0
DA:59,0
DA:62,0
DA:63,0
DA:64,0
DA:67,0
DA:70,0
DA:71,0
DA:72,0
DA:80,0
DA:84,0
DA:85,0
DA:86,0
DA:99,0
DA:104,0
DA:105,0
DA:115,0
DA:116,0
DA:131,0
DA:132,0
DA:142,0
DA:143,0
DA:153,0
DA:170,0
DA:172,0
DA:173,0
DA:174,0
DA:178,0
DA:181,0
DA:182,0
DA:185,0
DA:186,0
DA:189,0
DA:190,0
DA:193,0
DA:194,0
DA:195,0
DA:196,0
DA:197,0
DA:200,0
DA:238,0
DA:239,0
DA:241,0
DA:242,0
DA:245,0
DA:246,0
DA:248,0
DA:249,0
DA:250,0
DA:252,0
DA:278,0
DA:281,0
DA:282,0
DA:284,0
DA:285,0
DA:288,0
DA:289,0
DA:292,0
DA:293,0
DA:322,0
DA:324,0
DA:330,0
LF:74
LH:0
BRDA:17,0,0,0
BRDA:18,1,0,0
BRDA:18,1,1,0
BRDA:26,2,0,0
BRDA:26,2,1,0
BRDA:44,3,0,0
BRDA:54,4,0,0
BRDA:54,4,1,0
BRDA:54,5,0,0
BRDA:54,5,1,0
BRDA:57,6,0,0
BRDA:57,6,1,0
BRDA:62,7,0,0
BRDA:62,7,1,0
BRDA:62,7,2,0
BRDA:64,8,0,0
BRDA:64,8,1,0
BRDA:67,9,0,0
BRDA:67,9,1,0
BRDA:67,9,2,0
BRDA:70,10,0,0
BRDA:70,10,1,0
BRDA:71,11,0,0
BRDA:71,11,1,0
BRDA:77,12,0,0
BRDA:77,12,1,0
BRDA:84,13,0,0
BRDA:84,13,1,0
BRDA:85,14,0,0
BRDA:85,14,1,0
BRDA:92,15,0,0
BRDA:92,15,1,0
BRDA:92,16,0,0
BRDA:92,16,1,0
BRDA:94,17,0,0
BRDA:94,17,1,0
BRDA:104,18,0,0
BRDA:104,18,1,0
BRDA:104,19,0,0
BRDA:104,19,1,0
BRDA:115,20,0,0
BRDA:115,20,1,0
BRDA:122,21,0,0
BRDA:122,21,1,0
BRDA:122,22,0,0
BRDA:122,22,1,0
BRDA:124,23,0,0
BRDA:124,23,1,0
BRDA:131,24,0,0
BRDA:131,24,1,0
BRDA:142,25,0,0
BRDA:142,25,1,0
BRDA:168,26,0,0
BRDA:170,27,0,0
BRDA:170,27,1,0
BRDA:170,27,2,0
BRDA:172,28,0,0
BRDA:172,28,1,0
BRDA:173,29,0,0
BRDA:173,29,1,0
BRDA:174,30,0,0
BRDA:174,30,1,0
BRDA:174,30,2,0
BRDA:194,31,0,0
BRDA:194,31,1,0
BRDA:195,32,0,0
BRDA:195,32,1,0
BRDA:196,33,0,0
BRDA:196,33,1,0
BRDA:196,34,0,0
BRDA:196,34,1,0
BRDA:196,34,2,0
BRDA:238,35,0,0
BRDA:238,35,1,0
BRDA:238,36,0,0
BRDA:238,36,1,0
BRDA:241,37,0,0
BRDA:241,37,1,0
BRDA:241,38,0,0
BRDA:241,38,1,0
BRDA:249,39,0,0
BRDA:249,39,1,0
BRDA:250,40,0,0
BRDA:250,40,1,0
BRDA:281,41,0,0
BRDA:281,41,1,0
BRDA:281,42,0,0
BRDA:281,42,1,0
BRDA:282,43,0,0
BRDA:282,43,1,0
BRDA:282,44,0,0
BRDA:282,44,1,0
BRDA:284,45,0,0
BRDA:284,45,1,0
BRDA:285,46,0,0
BRDA:285,46,1,0
BRDA:288,47,0,0
BRDA:288,47,1,0
BRDA:288,48,0,0
BRDA:288,48,1,0
BRDA:306,49,0,0
BRDA:306,49,1,0
BRDA:307,50,0,0
BRDA:307,50,1,0
BRDA:308,51,0,0
BRDA:308,51,1,0
BRDA:309,52,0,0
BRDA:309,52,1,0
BRDA:310,53,0,0
BRDA:310,53,1,0
BRDA:311,54,0,0
BRDA:311,54,1,0
BRDA:317,55,0,0
BRDA:317,55,1,0
BRDA:318,56,0,0
BRDA:318,56,1,0
BRF:116
BRH:0
end_of_record
TN:
SF:src/utils/logger.js
FN:21,(anonymous_0)
FN:42,(anonymous_1)
FN:107,(anonymous_2)
FN:110,(anonymous_3)
FN:134,(anonymous_4)
FN:138,(anonymous_5)
FN:142,(anonymous_6)
FN:146,(anonymous_7)
FN:154,(anonymous_8)
FN:158,(anonymous_9)
FNF:10
FNH:0
FNDA:0,(anonymous_0)
FNDA:0,(anonymous_1)
FNDA:0,(anonymous_2)
FNDA:0,(anonymous_3)
FNDA:0,(anonymous_4)
FNDA:0,(anonymous_5)
FNDA:0,(anonymous_6)
FNDA:0,(anonymous_7)
FNDA:0,(anonymous_8)
FNDA:0,(anonymous_9)
DA:11,0
DA:12,0
DA:15,0
DA:18,0
DA:22,0
DA:25,0
DA:26,0
DA:30,0
DA:31,0
DA:34,0
DA:39,0
DA:43,0
DA:44,0
DA:45,0
DA:47,0
DA:52,0
DA:62,0
DA:73,0
DA:98,0
DA:99,0
DA:107,0
DA:108,0
DA:110,0
DA:111,0
DA:112,0
DA:121,0
DA:122,0
DA:123,0
DA:124,0
DA:126,0
DA:130,0
DA:134,0
DA:135,0
DA:138,0
DA:139,0
DA:142,0
DA:143,0
DA:146,0
DA:147,0
DA:154,0
DA:155,0
DA:158,0
DA:159,0
LF:43
LH:0
BRDA:25,0,0,0
BRDA:25,0,1,0
BRDA:30,1,0,0
BRDA:30,1,1,0
BRDA:44,2,0,0
BRDA:44,2,1,0
BRDA:44,3,0,0
BRDA:44,3,1,0
BRDA:74,4,0,0
BRDA:74,4,1,0
BRDA:98,5,0,0
BRDA:98,5,1,0
BRDA:117,6,0,0
BRDA:117,6,1,0
BRDA:121,7,0,0
BRDA:121,7,1,0
BRDA:123,8,0,0
BRDA:123,8,1,0
BRDA:138,9,0,0
BRDA:142,10,0,0
BRDA:146,11,0,0
BRDA:154,12,0,0
BRDA:158,13,0,0
BRF:23
BRH:0
end_of_record
TN:
SF:src/utils/migration-runner.js
FN:18,ensureMigrationTable
FN:32,getExecutedMigrations
FN:34,(anonymous_2)
FN:38,isHarmlessError
FN:52,(anonymous_4)
FN:62,executeMigration
FN:96,runMigrations
FN:114,(anonymous_7)
FN:115,(anonymous_8)
FNF:9
FNH:0
FNDA:0,ensureMigrationTable
FNDA:0,getExecutedMigrations
FNDA:0,(anonymous_2)
FNDA:0,isHarmlessError
FNDA:0,(anonymous_4)
FNDA:0,executeMigration
FNDA:0,runMigrations
FNDA:0,(anonymous_7)
FNDA:0,(anonymous_8)
DA:14,0
DA:15,0
DA:19,0
DA:28,0
DA:33,0
DA:34,0
DA:39,0
DA:40,0
DA:52,0
DA:53,0
DA:54,0
DA:56,0
DA:63,0
DA:65,0
DA:66,0
DA:67,0
DA:68,0
DA:71,0
DA:72,0
DA:78,0
DA:82,0
DA:86,0
DA:87,0
DA:91,0
DA:97,0
DA:99,0
DA:100,0
DA:101,0
DA:104,0
DA:106,0
DA:109,0
DA:112,0
DA:114,0
DA:117,0
DA:118,0
DA:119,0
DA:122,0
DA:124,0
DA:125,0
DA:126,0
DA:127,0
DA:130,0
DA:131,0
DA:133,0
DA:135,0
DA:136,0
DA:138,0
DA:140,0
DA:141,0
DA:144,0
DA:145,0
DA:151,0
DA:153,0
DA:154,0
DA:157,0
DA:159,0
DA:160,0
LF:57
LH:0
BRDA:39,0,0,0
BRDA:39,0,1,0
BRDA:71,1,0,0
BRDA:71,1,1,0
BRDA:99,2,0,0
BRDA:99,2,1,0
BRDA:117,3,0,0
BRDA:117,3,1,0
BRDA:118,4,0,0
BRDA:118,4,1,0
BRDA:125,5,0,0
BRDA:125,5,1,0
BRDA:135,6,0,0
BRDA:135,6,1,0
BRDA:136,7,0,0
BRDA:136,7,1,0
BRDA:153,8,0,0
BRDA:153,8,1,0
BRF:18
BRH:0
end_of_record
